0 verbose cli /usr/bin/node /usr/bin/npm
1 info using npm@10.8.2
2 info using node@v20.20.2
3 silly config load:file:/usr/lib/node_modules/npm/npmrc
4 silly config load:file:/platform/frontend/.npmrc
5 silly config load:file:/root/.npmrc
6 silly config load:file:/usr/etc/npmrc
7 verbose title npm install
8 verbose argv "install"
9 verbose logfile logs-max:10 dir:/app/.npm-cache/_logs/2026-07-11T07_37_08_825Z-
10 verbose logfile /app/.npm-cache/_logs/2026-07-11T07_37_08_825Z-debug-0.log
11 silly packumentCache heap:2197815296 maxSize:549453824 maxEntrySize:274726912
12 silly logfile done cleaning log files
13 silly idealTree buildDeps
14 silly fetch manifest react@^19.2.7
15 silly packumentCache full:https://registry.npmjs.org/react cache-miss
16 http fetch GET 200 https://registry.npmjs.org/react 358ms (cache miss)
17 silly packumentCache full:https://registry.npmjs.org/react set size:undefined disposed:false
18 silly fetch manifest react-dom@^19.2.7
19 silly packumentCache full:https://registry.npmjs.org/react-dom cache-miss
20 http fetch GET 200 https://registry.npmjs.org/react-dom 195ms (cache miss)
21 silly packumentCache full:https://registry.npmjs.org/react-dom set size:undefined disposed:false
22 silly fetch manifest @types/react@^19.2.17
23 silly packumentCache full:https://registry.npmjs.org/@types%2freact cache-miss
24 http fetch GET 200 https://registry.npmjs.org/@types%2freact 98ms (cache miss)
25 silly packumentCache full:https://registry.npmjs.org/@types%2freact set size:undefined disposed:false
26 silly fetch manifest @types/react-dom@^19.2.3
27 silly packumentCache full:https://registry.npmjs.org/@types%2freact-dom cache-miss
28 http fetch GET 200 https://registry.npmjs.org/@types%2freact-dom 52ms (cache miss)
29 silly packumentCache full:https://registry.npmjs.org/@types%2freact-dom set size:undefined disposed:false
30 silly fetch manifest @vitejs/plugin-react@^6.0.3
31 silly packumentCache full:https://registry.npmjs.org/@vitejs%2fplugin-react cache-miss
32 http fetch GET 200 https://registry.npmjs.org/@vitejs%2fplugin-react 50ms (cache miss)
33 silly packumentCache full:https://registry.npmjs.org/@vitejs%2fplugin-react set size:undefined disposed:false
34 silly fetch manifest @rolldown/plugin-babel@^0.1.7 || ^0.2.0
35 silly packumentCache full:https://registry.npmjs.org/@rolldown%2fplugin-babel cache-miss
36 http fetch GET 200 https://registry.npmjs.org/@rolldown%2fplugin-babel 43ms (cache miss)
37 silly packumentCache full:https://registry.npmjs.org/@rolldown%2fplugin-babel set size:undefined disposed:false
38 silly fetch manifest @babel/core@^7.29.0 || ^8.0.0-rc.1
39 silly packumentCache full:https://registry.npmjs.org/@babel%2fcore cache-miss
40 http fetch GET 200 https://registry.npmjs.org/@babel%2fcore 60ms (cache miss)
41 silly packumentCache full:https://registry.npmjs.org/@babel%2fcore set size:undefined disposed:false
42 silly fetch manifest @babel/preset-typescript@^8.0.0-0
43 silly packumentCache full:https://registry.npmjs.org/@babel%2fpreset-typescript cache-miss
44 http fetch GET 200 https://registry.npmjs.org/@babel%2fpreset-typescript 51ms (cache miss)
45 silly packumentCache full:https://registry.npmjs.org/@babel%2fpreset-typescript set size:undefined disposed:false
46 silly fetch manifest @babel/plugin-transform-runtime@^7.29.0 || ^8.0.0-rc.1
47 silly packumentCache full:https://registry.npmjs.org/@babel%2fplugin-transform-runtime cache-miss
48 http fetch GET 200 https://registry.npmjs.org/@babel%2fplugin-transform-runtime 63ms (cache miss)
49 silly packumentCache full:https://registry.npmjs.org/@babel%2fplugin-transform-runtime set size:undefined disposed:false
50 silly fetch manifest @babel/runtime@^7.27.0 || ^8.0.0-rc.1
51 silly packumentCache full:https://registry.npmjs.org/@babel%2fruntime cache-miss
52 http fetch GET 200 https://registry.npmjs.org/@babel%2fruntime 154ms (cache miss)
53 silly packumentCache full:https://registry.npmjs.org/@babel%2fruntime set size:undefined disposed:false
54 silly fetch manifest rolldown@^1.0.0-rc.5
55 silly packumentCache full:https://registry.npmjs.org/rolldown cache-miss
56 http fetch GET 200 https://registry.npmjs.org/rolldown 144ms (cache miss)
57 silly packumentCache full:https://registry.npmjs.org/rolldown set size:undefined disposed:false
58 silly fetch manifest vite@^8.1.1
59 silly packumentCache full:https://registry.npmjs.org/vite cache-miss
60 http fetch GET 200 https://registry.npmjs.org/vite 1128ms (cache miss)
61 silly packumentCache full:https://registry.npmjs.org/vite set size:undefined disposed:false
62 silly fetch manifest @types/node@^20.19.0 || >=22.12.0
63 silly packumentCache full:https://registry.npmjs.org/@types%2fnode cache-miss
64 http fetch GET 200 https://registry.npmjs.org/@types%2fnode 196ms (cache miss)
65 silly packumentCache full:https://registry.npmjs.org/@types%2fnode set size:undefined disposed:false
66 silly fetch manifest @vitejs/devtools@^0.3.0
67 silly packumentCache full:https://registry.npmjs.org/@vitejs%2fdevtools cache-miss
68 http fetch GET 200 https://registry.npmjs.org/@vitejs%2fdevtools 48ms (cache miss)
69 silly packumentCache full:https://registry.npmjs.org/@vitejs%2fdevtools set size:undefined disposed:false
70 silly fetch manifest esbuild@^0.27.0 || ^0.28.0
71 silly packumentCache full:https://registry.npmjs.org/esbuild cache-miss
72 http fetch GET 200 https://registry.npmjs.org/esbuild 81ms (cache miss)
73 silly packumentCache full:https://registry.npmjs.org/esbuild set size:undefined disposed:false
74 silly fetch manifest jiti@>=1.21.0
75 silly packumentCache full:https://registry.npmjs.org/jiti cache-miss
76 http fetch GET 200 https://registry.npmjs.org/jiti 44ms (cache miss)
77 silly packumentCache full:https://registry.npmjs.org/jiti set size:undefined disposed:false
78 silly fetch manifest less@^4.0.0
79 silly packumentCache full:https://registry.npmjs.org/less cache-miss
80 http fetch GET 200 https://registry.npmjs.org/less 44ms (cache miss)
81 silly packumentCache full:https://registry.npmjs.org/less set size:undefined disposed:false
82 silly fetch manifest sass@^1.70.0
83 silly packumentCache full:https://registry.npmjs.org/sass cache-miss
84 http fetch GET 200 https://registry.npmjs.org/sass 56ms (cache miss)
85 silly packumentCache full:https://registry.npmjs.org/sass set size:undefined disposed:false
86 silly fetch manifest sass-embedded@^1.70.0
87 silly packumentCache full:https://registry.npmjs.org/sass-embedded cache-miss
88 http fetch GET 200 https://registry.npmjs.org/sass-embedded 41ms (cache miss)
89 silly packumentCache full:https://registry.npmjs.org/sass-embedded set size:undefined disposed:false
90 silly fetch manifest stylus@>=0.54.8
91 silly packumentCache full:https://registry.npmjs.org/stylus cache-miss
92 http fetch GET 200 https://registry.npmjs.org/stylus 46ms (cache miss)
93 silly packumentCache full:https://registry.npmjs.org/stylus set size:undefined disposed:false
94 silly fetch manifest sugarss@^5.0.0
95 silly packumentCache full:https://registry.npmjs.org/sugarss cache-miss
96 http fetch GET 200 https://registry.npmjs.org/sugarss 38ms (cache miss)
97 silly packumentCache full:https://registry.npmjs.org/sugarss set size:undefined disposed:false
98 silly fetch manifest postcss@^8.3.3
99 silly packumentCache full:https://registry.npmjs.org/postcss cache-miss
100 http fetch GET 200 https://registry.npmjs.org/postcss 51ms (cache miss)
101 silly packumentCache full:https://registry.npmjs.org/postcss set size:undefined disposed:false
102 silly fetch manifest terser@^5.16.0
103 silly packumentCache full:https://registry.npmjs.org/terser cache-miss
104 http fetch GET 200 https://registry.npmjs.org/terser 54ms (cache miss)
105 silly packumentCache full:https://registry.npmjs.org/terser set size:undefined disposed:false
106 silly fetch manifest tsx@^4.8.1
107 silly packumentCache full:https://registry.npmjs.org/tsx cache-miss
108 http fetch GET 200 https://registry.npmjs.org/tsx 39ms (cache miss)
109 silly packumentCache full:https://registry.npmjs.org/tsx set size:undefined disposed:false
110 silly fetch manifest yaml@^2.4.2
111 silly packumentCache full:https://registry.npmjs.org/yaml cache-miss
112 http fetch GET 200 https://registry.npmjs.org/yaml 43ms (cache miss)
113 silly packumentCache full:https://registry.npmjs.org/yaml set size:undefined disposed:false
114 silly fetch manifest babel-plugin-react-compiler@^1.0.0
115 silly packumentCache full:https://registry.npmjs.org/babel-plugin-react-compiler cache-miss
116 http fetch GET 200 https://registry.npmjs.org/babel-plugin-react-compiler 57ms (cache miss)
117 silly packumentCache full:https://registry.npmjs.org/babel-plugin-react-compiler set size:undefined disposed:false
118 silly fetch manifest oxlint@^1.71.0
119 silly packumentCache full:https://registry.npmjs.org/oxlint cache-miss
120 http fetch GET 200 https://registry.npmjs.org/oxlint 47ms (cache miss)
121 silly packumentCache full:https://registry.npmjs.org/oxlint set size:undefined disposed:false
122 silly fetch manifest oxlint-tsgolint@>=0.24.0
123 silly packumentCache full:https://registry.npmjs.org/oxlint-tsgolint cache-miss
124 http fetch GET 200 https://registry.npmjs.org/oxlint-tsgolint 35ms (cache miss)
125 silly packumentCache full:https://registry.npmjs.org/oxlint-tsgolint set size:undefined disposed:false
126 silly fetch manifest vite-plus@*
127 silly packumentCache full:https://registry.npmjs.org/vite-plus cache-miss
128 http fetch GET 200 https://registry.npmjs.org/vite-plus 56ms (cache miss)
129 silly packumentCache full:https://registry.npmjs.org/vite-plus set size:undefined disposed:false
130 silly fetch manifest @vitest/browser-playwright@4.1.10
131 silly packumentCache full:https://registry.npmjs.org/@vitest%2fbrowser-playwright cache-miss
132 http fetch GET 200 https://registry.npmjs.org/@vitest%2fbrowser-playwright 42ms (cache miss)
133 silly packumentCache full:https://registry.npmjs.org/@vitest%2fbrowser-playwright set size:undefined disposed:false
134 silly fetch manifest playwright@*
135 silly packumentCache full:https://registry.npmjs.org/playwright cache-miss
136 http fetch GET 200 https://registry.npmjs.org/playwright 323ms (cache miss)
137 silly packumentCache full:https://registry.npmjs.org/playwright set size:undefined disposed:false
138 silly fetch manifest vitest@4.1.10
139 silly packumentCache full:https://registry.npmjs.org/vitest cache-miss
140 http fetch GET 200 https://registry.npmjs.org/vitest 96ms (cache miss)
141 silly packumentCache full:https://registry.npmjs.org/vitest set size:undefined disposed:false
142 silly fetch manifest @edge-runtime/vm@*
143 silly packumentCache full:https://registry.npmjs.org/@edge-runtime%2fvm cache-miss
144 http fetch GET 200 https://registry.npmjs.org/@edge-runtime%2fvm 52ms (cache miss)
145 silly packumentCache full:https://registry.npmjs.org/@edge-runtime%2fvm set size:undefined disposed:false
146 silly fetch manifest @opentelemetry/api@^1.9.0
147 silly packumentCache full:https://registry.npmjs.org/@opentelemetry%2fapi cache-miss
148 http fetch GET 200 https://registry.npmjs.org/@opentelemetry%2fapi 44ms (cache miss)
149 silly packumentCache full:https://registry.npmjs.org/@opentelemetry%2fapi set size:undefined disposed:false
150 silly fetch manifest @types/node@^20.0.0 || ^22.0.0 || >=24.0.0
151 silly packumentCache full:https://registry.npmjs.org/@types%2fnode cache-miss
152 http fetch GET 200 https://registry.npmjs.org/@types%2fnode 54ms (cache hit)
153 silly packumentCache full:https://registry.npmjs.org/@types%2fnode set size:11080817 disposed:false
154 silly fetch manifest @vitest/browser-preview@4.1.10
155 silly packumentCache full:https://registry.npmjs.org/@vitest%2fbrowser-preview cache-miss
156 http fetch GET 200 https://registry.npmjs.org/@vitest%2fbrowser-preview 44ms (cache miss)
157 silly packumentCache full:https://registry.npmjs.org/@vitest%2fbrowser-preview set size:undefined disposed:false
158 silly fetch manifest @vitest/browser-webdriverio@4.1.10
159 silly packumentCache full:https://registry.npmjs.org/@vitest%2fbrowser-webdriverio cache-miss
160 http fetch GET 200 https://registry.npmjs.org/@vitest%2fbrowser-webdriverio 45ms (cache miss)
161 silly packumentCache full:https://registry.npmjs.org/@vitest%2fbrowser-webdriverio set size:undefined disposed:false
162 silly fetch manifest webdriverio@*
163 silly packumentCache full:https://registry.npmjs.org/webdriverio cache-miss
164 http fetch GET 200 https://registry.npmjs.org/webdriverio 95ms (cache miss)
165 silly packumentCache full:https://registry.npmjs.org/webdriverio set size:undefined disposed:false
166 silly fetch manifest puppeteer-core@>=22.x || <=24.x
167 silly packumentCache full:https://registry.npmjs.org/puppeteer-core cache-miss
168 http fetch GET 200 https://registry.npmjs.org/puppeteer-core 70ms (cache miss)
169 silly packumentCache full:https://registry.npmjs.org/puppeteer-core set size:undefined disposed:false
170 silly fetch manifest @vitest/coverage-istanbul@4.1.10
171 silly packumentCache full:https://registry.npmjs.org/@vitest%2fcoverage-istanbul cache-miss
172 http fetch GET 200 https://registry.npmjs.org/@vitest%2fcoverage-istanbul 164ms (cache miss)
173 silly packumentCache full:https://registry.npmjs.org/@vitest%2fcoverage-istanbul set size:undefined disposed:false
174 silly fetch manifest @vitest/coverage-v8@4.1.10
175 silly packumentCache full:https://registry.npmjs.org/@vitest%2fcoverage-v8 cache-miss
176 http fetch GET 200 https://registry.npmjs.org/@vitest%2fcoverage-v8 54ms (cache miss)
177 silly packumentCache full:https://registry.npmjs.org/@vitest%2fcoverage-v8 set size:undefined disposed:false
178 silly fetch manifest @vitest/browser@4.1.10
179 silly packumentCache full:https://registry.npmjs.org/@vitest%2fbrowser cache-miss
180 http fetch GET 200 https://registry.npmjs.org/@vitest%2fbrowser 96ms (cache miss)
181 silly packumentCache full:https://registry.npmjs.org/@vitest%2fbrowser set size:undefined disposed:false
182 silly fetch manifest @vitest/ui@4.1.10
183 silly packumentCache full:https://registry.npmjs.org/@vitest%2fui cache-miss
184 http fetch GET 200 https://registry.npmjs.org/@vitest%2fui 80ms (cache miss)
185 silly packumentCache full:https://registry.npmjs.org/@vitest%2fui set size:undefined disposed:false
186 silly fetch manifest happy-dom@*
187 silly packumentCache full:https://registry.npmjs.org/happy-dom cache-miss
188 http fetch GET 200 https://registry.npmjs.org/happy-dom 96ms (cache miss)
189 silly packumentCache full:https://registry.npmjs.org/happy-dom set size:undefined disposed:false
190 silly fetch manifest jsdom@*
191 silly packumentCache full:https://registry.npmjs.org/jsdom cache-miss
192 http fetch GET 200 https://registry.npmjs.org/jsdom 62ms (cache miss)
193 silly packumentCache full:https://registry.npmjs.org/jsdom set size:undefined disposed:false
194 silly fetch manifest canvas@^3.0.0
195 silly packumentCache full:https://registry.npmjs.org/canvas cache-miss
196 http fetch GET 200 https://registry.npmjs.org/canvas 43ms (cache miss)
197 silly packumentCache full:https://registry.npmjs.org/canvas set size:undefined disposed:false
198 silly placeDep ROOT @types/react@19.2.17 OK for: frontend@0.0.0 want: ^19.2.17
199 silly placeDep ROOT @types/react-dom@19.2.3 OK for: frontend@0.0.0 want: ^19.2.3
200 silly placeDep ROOT @vitejs/plugin-react@6.0.3 OK for: frontend@0.0.0 want: ^6.0.3
201 silly placeDep ROOT vite@8.1.4 OK for: @vitejs/plugin-react@6.0.3 want: ^8.0.0
202 silly placeDep ROOT oxlint@1.73.0 OK for: frontend@0.0.0 want: ^1.71.0
203 silly placeDep ROOT react@19.2.7 OK for: frontend@0.0.0 want: ^19.2.7
204 silly placeDep ROOT react-dom@19.2.7 OK for: frontend@0.0.0 want: ^19.2.7
205 silly fetch manifest csstype@^3.2.2
206 silly packumentCache full:https://registry.npmjs.org/csstype cache-miss
207 silly fetch manifest @rolldown/pluginutils@^1.0.1
208 silly packumentCache full:https://registry.npmjs.org/@rolldown%2fpluginutils cache-miss
209 silly fetch manifest lightningcss@^1.32.0
210 silly packumentCache full:https://registry.npmjs.org/lightningcss cache-miss
211 silly fetch manifest picomatch@^4.0.5
212 silly packumentCache full:https://registry.npmjs.org/picomatch cache-miss
213 silly fetch manifest postcss@^8.5.16
214 silly packumentCache full:https://registry.npmjs.org/postcss cache-miss
215 silly fetch manifest rolldown@~1.1.4
216 silly packumentCache full:https://registry.npmjs.org/rolldown cache-miss
217 silly fetch manifest tinyglobby@^0.2.17
218 silly packumentCache full:https://registry.npmjs.org/tinyglobby cache-miss
219 silly fetch manifest fsevents@~2.3.3
220 silly packumentCache full:https://registry.npmjs.org/fsevents cache-miss
221 silly fetch manifest @oxlint/binding-darwin-arm64@1.73.0
222 silly packumentCache full:https://registry.npmjs.org/@oxlint%2fbinding-darwin-arm64 cache-miss
223 silly fetch manifest @oxlint/binding-android-arm64@1.73.0
224 silly packumentCache full:https://registry.npmjs.org/@oxlint%2fbinding-android-arm64 cache-miss
225 silly fetch manifest @oxlint/binding-win32-arm64-msvc@1.73.0
226 silly packumentCache full:https://registry.npmjs.org/@oxlint%2fbinding-win32-arm64-msvc cache-miss
227 http fetch GET 200 https://registry.npmjs.org/postcss 49ms (cache hit)
228 silly packumentCache full:https://registry.npmjs.org/postcss set size:726591 disposed:false
229 silly fetch manifest @oxlint/binding-linux-arm64-gnu@1.73.0
230 silly packumentCache full:https://registry.npmjs.org/@oxlint%2fbinding-linux-arm64-gnu cache-miss
231 http fetch GET 200 https://registry.npmjs.org/rolldown 70ms (cache hit)
232 silly packumentCache full:https://registry.npmjs.org/rolldown set size:3755820 disposed:false
233 silly fetch manifest @oxlint/binding-linux-arm64-musl@1.73.0
234 silly packumentCache full:https://registry.npmjs.org/@oxlint%2fbinding-linux-arm64-musl cache-miss
235 http fetch GET 200 https://registry.npmjs.org/@oxlint%2fbinding-linux-arm64-gnu 120ms (cache miss)
236 silly packumentCache full:https://registry.npmjs.org/@oxlint%2fbinding-linux-arm64-gnu set size:undefined disposed:false
237 silly fetch manifest @oxlint/binding-openharmony-arm64@1.73.0
238 silly packumentCache full:https://registry.npmjs.org/@oxlint%2fbinding-openharmony-arm64 cache-miss
239 http fetch GET 200 https://registry.npmjs.org/csstype 213ms (cache miss)
240 silly packumentCache full:https://registry.npmjs.org/csstype set size:undefined disposed:false
241 silly fetch manifest @oxlint/binding-android-arm-eabi@1.73.0
242 silly packumentCache full:https://registry.npmjs.org/@oxlint%2fbinding-android-arm-eabi cache-miss
243 http fetch GET 200 https://registry.npmjs.org/tinyglobby 215ms (cache miss)
244 silly packumentCache full:https://registry.npmjs.org/tinyglobby set size:undefined disposed:false
245 silly fetch manifest @oxlint/binding-linux-arm-gnueabihf@1.73.0
246 silly packumentCache full:https://registry.npmjs.org/@oxlint%2fbinding-linux-arm-gnueabihf cache-miss
247 http fetch GET 200 https://registry.npmjs.org/@oxlint%2fbinding-darwin-arm64 243ms (cache miss)
248 silly packumentCache full:https://registry.npmjs.org/@oxlint%2fbinding-darwin-arm64 set size:undefined disposed:false
249 silly fetch manifest @oxlint/binding-linux-arm-musleabihf@1.73.0
250 silly packumentCache full:https://registry.npmjs.org/@oxlint%2fbinding-linux-arm-musleabihf cache-miss
251 http fetch GET 200 https://registry.npmjs.org/@oxlint%2fbinding-android-arm64 246ms (cache miss)
252 silly packumentCache full:https://registry.npmjs.org/@oxlint%2fbinding-android-arm64 set size:undefined disposed:false
253 silly fetch manifest @oxlint/binding-win32-ia32-msvc@1.73.0
254 silly packumentCache full:https://registry.npmjs.org/@oxlint%2fbinding-win32-ia32-msvc cache-miss
255 http fetch GET 200 https://registry.npmjs.org/@oxlint%2fbinding-win32-arm64-msvc 248ms (cache miss)
256 silly packumentCache full:https://registry.npmjs.org/@oxlint%2fbinding-win32-arm64-msvc set size:undefined disposed:false
257 silly fetch manifest @oxlint/binding-linux-ppc64-gnu@1.73.0
258 silly packumentCache full:https://registry.npmjs.org/@oxlint%2fbinding-linux-ppc64-gnu cache-miss
259 http fetch GET 200 https://registry.npmjs.org/@oxlint%2fbinding-openharmony-arm64 91ms (cache miss)
260 silly packumentCache full:https://registry.npmjs.org/@oxlint%2fbinding-openharmony-arm64 set size:undefined disposed:false
261 silly fetch manifest @oxlint/binding-linux-riscv64-gnu@1.73.0
262 silly packumentCache full:https://registry.npmjs.org/@oxlint%2fbinding-linux-riscv64-gnu cache-miss
263 http fetch GET 200 https://registry.npmjs.org/picomatch 281ms (cache miss)
264 silly packumentCache full:https://registry.npmjs.org/picomatch set size:undefined disposed:false
265 silly fetch manifest @oxlint/binding-linux-riscv64-musl@1.73.0
266 silly packumentCache full:https://registry.npmjs.org/@oxlint%2fbinding-linux-riscv64-musl cache-miss
267 http fetch GET 200 https://registry.npmjs.org/lightningcss 288ms (cache miss)
268 silly packumentCache full:https://registry.npmjs.org/lightningcss set size:undefined disposed:false
269 silly fetch manifest @oxlint/binding-linux-s390x-gnu@1.73.0
270 silly packumentCache full:https://registry.npmjs.org/@oxlint%2fbinding-linux-s390x-gnu cache-miss
271 http fetch GET 200 https://registry.npmjs.org/@oxlint%2fbinding-linux-arm64-musl 188ms (cache miss)
272 silly packumentCache full:https://registry.npmjs.org/@oxlint%2fbinding-linux-arm64-musl set size:undefined disposed:false
273 silly fetch manifest @oxlint/binding-darwin-x64@1.73.0
274 silly packumentCache full:https://registry.npmjs.org/@oxlint%2fbinding-darwin-x64 cache-miss
275 http fetch GET 200 https://registry.npmjs.org/@rolldown%2fpluginutils 311ms (cache miss)
276 silly packumentCache full:https://registry.npmjs.org/@rolldown%2fpluginutils set size:undefined disposed:false
277 silly fetch manifest @oxlint/binding-win32-x64-msvc@1.73.0
278 silly packumentCache full:https://registry.npmjs.org/@oxlint%2fbinding-win32-x64-msvc cache-miss
279 http fetch GET 200 https://registry.npmjs.org/fsevents 313ms (cache miss)
280 silly packumentCache full:https://registry.npmjs.org/fsevents set size:undefined disposed:false
281 silly fetch manifest @oxlint/binding-freebsd-x64@1.73.0
282 silly packumentCache full:https://registry.npmjs.org/@oxlint%2fbinding-freebsd-x64 cache-miss
283 http fetch GET 200 https://registry.npmjs.org/@oxlint%2fbinding-linux-arm-gnueabihf 121ms (cache miss)
284 silly packumentCache full:https://registry.npmjs.org/@oxlint%2fbinding-linux-arm-gnueabihf set size:undefined disposed:false
285 silly fetch manifest @oxlint/binding-linux-x64-gnu@1.73.0
286 silly packumentCache full:https://registry.npmjs.org/@oxlint%2fbinding-linux-x64-gnu cache-miss
287 http fetch GET 200 https://registry.npmjs.org/@oxlint%2fbinding-android-arm-eabi 132ms (cache miss)
288 silly packumentCache full:https://registry.npmjs.org/@oxlint%2fbinding-android-arm-eabi set size:undefined disposed:false
289 silly fetch manifest @oxlint/binding-linux-x64-musl@1.73.0
290 silly packumentCache full:https://registry.npmjs.org/@oxlint%2fbinding-linux-x64-musl cache-miss
291 http fetch GET 200 https://registry.npmjs.org/@oxlint%2fbinding-win32-ia32-msvc 104ms (cache miss)
292 silly packumentCache full:https://registry.npmjs.org/@oxlint%2fbinding-win32-ia32-msvc set size:undefined disposed:false
293 silly fetch manifest scheduler@^0.27.0
294 silly packumentCache full:https://registry.npmjs.org/scheduler cache-miss
295 http fetch GET 200 https://registry.npmjs.org/@oxlint%2fbinding-linux-arm-musleabihf 111ms (cache miss)
296 silly packumentCache full:https://registry.npmjs.org/@oxlint%2fbinding-linux-arm-musleabihf set size:undefined disposed:false
297 http fetch GET 200 https://registry.npmjs.org/@oxlint%2fbinding-linux-ppc64-gnu 109ms (cache miss)
298 silly packumentCache full:https://registry.npmjs.org/@oxlint%2fbinding-linux-ppc64-gnu set size:undefined disposed:false
299 http fetch GET 200 https://registry.npmjs.org/@oxlint%2fbinding-linux-riscv64-gnu 95ms (cache miss)
300 silly packumentCache full:https://registry.npmjs.org/@oxlint%2fbinding-linux-riscv64-gnu set size:undefined disposed:false
301 http fetch GET 200 https://registry.npmjs.org/@oxlint%2fbinding-darwin-x64 81ms (cache miss)
302 silly packumentCache full:https://registry.npmjs.org/@oxlint%2fbinding-darwin-x64 set size:undefined disposed:false
303 http fetch GET 200 https://registry.npmjs.org/@oxlint%2fbinding-linux-riscv64-musl 94ms (cache miss)
304 silly packumentCache full:https://registry.npmjs.org/@oxlint%2fbinding-linux-riscv64-musl set size:undefined disposed:false
305 http fetch GET 200 https://registry.npmjs.org/@oxlint%2fbinding-linux-s390x-gnu 88ms (cache miss)
306 silly packumentCache full:https://registry.npmjs.org/@oxlint%2fbinding-linux-s390x-gnu set size:undefined disposed:false
307 http fetch GET 200 https://registry.npmjs.org/@oxlint%2fbinding-win32-x64-msvc 69ms (cache miss)
308 silly packumentCache full:https://registry.npmjs.org/@oxlint%2fbinding-win32-x64-msvc set size:undefined disposed:false
309 http fetch GET 200 https://registry.npmjs.org/@oxlint%2fbinding-freebsd-x64 59ms (cache miss)
310 silly packumentCache full:https://registry.npmjs.org/@oxlint%2fbinding-freebsd-x64 set size:undefined disposed:false
311 http fetch GET 200 https://registry.npmjs.org/@oxlint%2fbinding-linux-x64-musl 48ms (cache miss)
312 silly packumentCache full:https://registry.npmjs.org/@oxlint%2fbinding-linux-x64-musl set size:undefined disposed:false
313 http fetch GET 200 https://registry.npmjs.org/@oxlint%2fbinding-linux-x64-gnu 52ms (cache miss)
314 silly packumentCache full:https://registry.npmjs.org/@oxlint%2fbinding-linux-x64-gnu set size:undefined disposed:false
315 http fetch GET 200 https://registry.npmjs.org/scheduler 188ms (cache miss)
316 silly packumentCache full:https://registry.npmjs.org/scheduler set size:undefined disposed:false
317 silly placeDep ROOT csstype@3.2.3 OK for: @types/react@19.2.17 want: ^3.2.2
318 silly placeDep ROOT @rolldown/pluginutils@1.0.1 OK for: @vitejs/plugin-react@6.0.3 want: ^1.0.1
319 silly placeDep ROOT @oxlint/binding-android-arm-eabi@1.73.0 OK for: oxlint@1.73.0 want: 1.73.0
320 silly placeDep ROOT @oxlint/binding-android-arm64@1.73.0 OK for: oxlint@1.73.0 want: 1.73.0
321 silly placeDep ROOT @oxlint/binding-darwin-arm64@1.73.0 OK for: oxlint@1.73.0 want: 1.73.0
322 silly placeDep ROOT @oxlint/binding-darwin-x64@1.73.0 OK for: oxlint@1.73.0 want: 1.73.0
323 silly placeDep ROOT @oxlint/binding-freebsd-x64@1.73.0 OK for: oxlint@1.73.0 want: 1.73.0
324 silly placeDep ROOT @oxlint/binding-linux-arm-gnueabihf@1.73.0 OK for: oxlint@1.73.0 want: 1.73.0
325 silly placeDep ROOT @oxlint/binding-linux-arm-musleabihf@1.73.0 OK for: oxlint@1.73.0 want: 1.73.0
326 silly placeDep ROOT @oxlint/binding-linux-arm64-gnu@1.73.0 OK for: oxlint@1.73.0 want: 1.73.0
327 silly placeDep ROOT @oxlint/binding-linux-arm64-musl@1.73.0 OK for: oxlint@1.73.0 want: 1.73.0
328 silly placeDep ROOT @oxlint/binding-linux-ppc64-gnu@1.73.0 OK for: oxlint@1.73.0 want: 1.73.0
329 silly placeDep ROOT @oxlint/binding-linux-riscv64-gnu@1.73.0 OK for: oxlint@1.73.0 want: 1.73.0
330 silly placeDep ROOT @oxlint/binding-linux-riscv64-musl@1.73.0 OK for: oxlint@1.73.0 want: 1.73.0
331 silly placeDep ROOT @oxlint/binding-linux-s390x-gnu@1.73.0 OK for: oxlint@1.73.0 want: 1.73.0
332 silly placeDep ROOT @oxlint/binding-linux-x64-gnu@1.73.0 OK for: oxlint@1.73.0 want: 1.73.0
333 silly placeDep ROOT @oxlint/binding-linux-x64-musl@1.73.0 OK for: oxlint@1.73.0 want: 1.73.0
334 silly placeDep ROOT @oxlint/binding-openharmony-arm64@1.73.0 OK for: oxlint@1.73.0 want: 1.73.0
335 silly placeDep ROOT @oxlint/binding-win32-arm64-msvc@1.73.0 OK for: oxlint@1.73.0 want: 1.73.0
336 silly placeDep ROOT @oxlint/binding-win32-ia32-msvc@1.73.0 OK for: oxlint@1.73.0 want: 1.73.0
337 silly placeDep ROOT @oxlint/binding-win32-x64-msvc@1.73.0 OK for: oxlint@1.73.0 want: 1.73.0
338 silly placeDep ROOT scheduler@0.27.0 OK for: react-dom@19.2.7 want: ^0.27.0
339 silly placeDep ROOT fsevents@2.3.3 OK for: vite@8.1.4 want: ~2.3.3
340 silly placeDep ROOT lightningcss@1.32.0 OK for: vite@8.1.4 want: ^1.32.0
341 silly placeDep ROOT picomatch@4.0.5 OK for: vite@8.1.4 want: ^4.0.5
342 silly placeDep ROOT postcss@8.5.16 OK for: vite@8.1.4 want: ^8.5.16
343 silly placeDep ROOT rolldown@1.1.5 OK for: vite@8.1.4 want: ~1.1.4
344 silly placeDep ROOT tinyglobby@0.2.17 OK for: vite@8.1.4 want: ^0.2.17
345 silly fetch manifest detect-libc@^2.0.3
346 silly packumentCache full:https://registry.npmjs.org/detect-libc cache-miss
347 silly fetch manifest lightningcss-darwin-x64@1.32.0
348 silly packumentCache full:https://registry.npmjs.org/lightningcss-darwin-x64 cache-miss
349 silly fetch manifest lightningcss-linux-x64-gnu@1.32.0
350 silly packumentCache full:https://registry.npmjs.org/lightningcss-linux-x64-gnu cache-miss
351 silly fetch manifest lightningcss-win32-x64-msvc@1.32.0
352 silly packumentCache full:https://registry.npmjs.org/lightningcss-win32-x64-msvc cache-miss
353 silly fetch manifest lightningcss-win32-arm64-msvc@1.32.0
354 silly packumentCache full:https://registry.npmjs.org/lightningcss-win32-arm64-msvc cache-miss
355 silly fetch manifest lightningcss-darwin-arm64@1.32.0
356 silly packumentCache full:https://registry.npmjs.org/lightningcss-darwin-arm64 cache-miss
357 silly fetch manifest lightningcss-linux-arm64-gnu@1.32.0
358 silly packumentCache full:https://registry.npmjs.org/lightningcss-linux-arm64-gnu cache-miss
359 silly fetch manifest lightningcss-linux-arm-gnueabihf@1.32.0
360 silly packumentCache full:https://registry.npmjs.org/lightningcss-linux-arm-gnueabihf cache-miss
361 silly fetch manifest lightningcss-linux-arm64-musl@1.32.0
362 silly packumentCache full:https://registry.npmjs.org/lightningcss-linux-arm64-musl cache-miss
363 silly fetch manifest lightningcss-linux-x64-musl@1.32.0
364 silly packumentCache full:https://registry.npmjs.org/lightningcss-linux-x64-musl cache-miss
365 silly fetch manifest lightningcss-freebsd-x64@1.32.0
366 silly packumentCache full:https://registry.npmjs.org/lightningcss-freebsd-x64 cache-miss
367 http fetch GET 200 https://registry.npmjs.org/lightningcss-win32-arm64-msvc 102ms (cache miss)
368 silly packumentCache full:https://registry.npmjs.org/lightningcss-win32-arm64-msvc set size:undefined disposed:false
369 silly fetch manifest lightningcss-android-arm64@1.32.0
370 silly packumentCache full:https://registry.npmjs.org/lightningcss-android-arm64 cache-miss
371 http fetch GET 200 https://registry.npmjs.org/lightningcss-linux-arm-gnueabihf 103ms (cache miss)
372 silly packumentCache full:https://registry.npmjs.org/lightningcss-linux-arm-gnueabihf set size:undefined disposed:false
373 silly fetch manifest nanoid@^3.3.12
374 silly packumentCache full:https://registry.npmjs.org/nanoid cache-miss
375 http fetch GET 200 https://registry.npmjs.org/detect-libc 111ms (cache miss)
376 silly packumentCache full:https://registry.npmjs.org/detect-libc set size:undefined disposed:false
377 silly fetch manifest picocolors@^1.1.1
378 silly packumentCache full:https://registry.npmjs.org/picocolors cache-miss
379 http fetch GET 200 https://registry.npmjs.org/lightningcss-darwin-x64 118ms (cache miss)
380 silly packumentCache full:https://registry.npmjs.org/lightningcss-darwin-x64 set size:undefined disposed:false
381 silly fetch manifest source-map-js@^1.2.1
382 silly packumentCache full:https://registry.npmjs.org/source-map-js cache-miss
383 http fetch GET 200 https://registry.npmjs.org/lightningcss-linux-x64-musl 118ms (cache miss)
384 silly packumentCache full:https://registry.npmjs.org/lightningcss-linux-x64-musl set size:undefined disposed:false
385 silly fetch manifest @oxc-project/types@=0.139.0
386 silly packumentCache full:https://registry.npmjs.org/@oxc-project%2ftypes cache-miss
387 http fetch GET 200 https://registry.npmjs.org/lightningcss-win32-x64-msvc 128ms (cache miss)
388 silly packumentCache full:https://registry.npmjs.org/lightningcss-win32-x64-msvc set size:undefined disposed:false
389 silly fetch manifest @rolldown/binding-darwin-x64@1.1.5
390 silly packumentCache full:https://registry.npmjs.org/@rolldown%2fbinding-darwin-x64 cache-miss
391 http fetch GET 200 https://registry.npmjs.org/lightningcss-linux-arm64-gnu 129ms (cache miss)
392 silly packumentCache full:https://registry.npmjs.org/lightningcss-linux-arm64-gnu set size:undefined disposed:false
393 silly fetch manifest @rolldown/binding-win32-x64-msvc@1.1.5
394 silly packumentCache full:https://registry.npmjs.org/@rolldown%2fbinding-win32-x64-msvc cache-miss
395 http fetch GET 200 https://registry.npmjs.org/lightningcss-linux-x64-gnu 147ms (cache miss)
396 silly packumentCache full:https://registry.npmjs.org/lightningcss-linux-x64-gnu set size:undefined disposed:false
397 silly fetch manifest @rolldown/binding-linux-x64-gnu@1.1.5
398 silly packumentCache full:https://registry.npmjs.org/@rolldown%2fbinding-linux-x64-gnu cache-miss
399 http fetch GET 200 https://registry.npmjs.org/lightningcss-linux-arm64-musl 148ms (cache miss)
400 silly packumentCache full:https://registry.npmjs.org/lightningcss-linux-arm64-musl set size:undefined disposed:false
401 silly fetch manifest @rolldown/binding-linux-x64-musl@1.1.5
402 silly packumentCache full:https://registry.npmjs.org/@rolldown%2fbinding-linux-x64-musl cache-miss
403 http fetch GET 200 https://registry.npmjs.org/lightningcss-darwin-arm64 160ms (cache miss)
404 silly packumentCache full:https://registry.npmjs.org/lightningcss-darwin-arm64 set size:undefined disposed:false
405 silly fetch manifest @rolldown/binding-freebsd-x64@1.1.5
406 silly packumentCache full:https://registry.npmjs.org/@rolldown%2fbinding-freebsd-x64 cache-miss
407 http fetch GET 200 https://registry.npmjs.org/lightningcss-android-arm64 80ms (cache miss)
408 silly packumentCache full:https://registry.npmjs.org/lightningcss-android-arm64 set size:undefined disposed:false
409 silly fetch manifest @rolldown/binding-linux-arm-gnueabihf@1.1.5
410 silly packumentCache full:https://registry.npmjs.org/@rolldown%2fbinding-linux-arm-gnueabihf cache-miss
411 http fetch GET 200 https://registry.npmjs.org/lightningcss-freebsd-x64 186ms (cache miss)
412 silly packumentCache full:https://registry.npmjs.org/lightningcss-freebsd-x64 set size:undefined disposed:false
413 silly fetch manifest @rolldown/binding-linux-arm64-gnu@1.1.5
414 silly packumentCache full:https://registry.npmjs.org/@rolldown%2fbinding-linux-arm64-gnu cache-miss
415 http fetch GET 200 https://registry.npmjs.org/picocolors 84ms (cache miss)
416 silly packumentCache full:https://registry.npmjs.org/picocolors set size:undefined disposed:false
417 silly fetch manifest @rolldown/binding-darwin-arm64@1.1.5
418 silly packumentCache full:https://registry.npmjs.org/@rolldown%2fbinding-darwin-arm64 cache-miss
419 http fetch GET 200 https://registry.npmjs.org/source-map-js 87ms (cache miss)
420 silly packumentCache full:https://registry.npmjs.org/source-map-js set size:undefined disposed:false
421 silly fetch manifest @rolldown/binding-linux-arm64-musl@1.1.5
422 silly packumentCache full:https://registry.npmjs.org/@rolldown%2fbinding-linux-arm64-musl cache-miss
423 http fetch GET 200 https://registry.npmjs.org/@oxc-project%2ftypes 106ms (cache miss)
424 silly packumentCache full:https://registry.npmjs.org/@oxc-project%2ftypes set size:undefined disposed:false
425 silly fetch manifest @rolldown/binding-openharmony-arm64@1.1.5
426 silly packumentCache full:https://registry.npmjs.org/@rolldown%2fbinding-openharmony-arm64 cache-miss
427 http fetch GET 200 https://registry.npmjs.org/nanoid 156ms (cache miss)
428 silly packumentCache full:https://registry.npmjs.org/nanoid set size:undefined disposed:false
429 silly fetch manifest @rolldown/binding-win32-arm64-msvc@1.1.5
430 silly packumentCache full:https://registry.npmjs.org/@rolldown%2fbinding-win32-arm64-msvc cache-miss
431 http fetch GET 200 https://registry.npmjs.org/@rolldown%2fbinding-openharmony-arm64 118ms (cache miss)
432 silly packumentCache full:https://registry.npmjs.org/@rolldown%2fbinding-openharmony-arm64 set size:undefined disposed:false
433 silly fetch manifest @rolldown/binding-android-arm64@1.1.5
434 silly packumentCache full:https://registry.npmjs.org/@rolldown%2fbinding-android-arm64 cache-miss
435 http fetch GET 200 https://registry.npmjs.org/@rolldown%2fbinding-darwin-x64 294ms (cache miss)
436 silly packumentCache full:https://registry.npmjs.org/@rolldown%2fbinding-darwin-x64 set size:undefined disposed:false
437 silly fetch manifest @rolldown/binding-wasm32-wasi@1.1.5
438 silly packumentCache full:https://registry.npmjs.org/@rolldown%2fbinding-wasm32-wasi cache-miss
439 http fetch GET 200 https://registry.npmjs.org/@rolldown%2fbinding-android-arm64 99ms (cache miss)
440 silly packumentCache full:https://registry.npmjs.org/@rolldown%2fbinding-android-arm64 set size:undefined disposed:false
441 silly fetch manifest @rolldown/binding-linux-s390x-gnu@1.1.5
442 silly packumentCache full:https://registry.npmjs.org/@rolldown%2fbinding-linux-s390x-gnu cache-miss
443 http fetch GET 200 https://registry.npmjs.org/@rolldown%2fbinding-linux-x64-musl 317ms (cache miss)
444 silly packumentCache full:https://registry.npmjs.org/@rolldown%2fbinding-linux-x64-musl set size:undefined disposed:false
445 silly fetch manifest @rolldown/binding-linux-ppc64-gnu@1.1.5
446 silly packumentCache full:https://registry.npmjs.org/@rolldown%2fbinding-linux-ppc64-gnu cache-miss
447 http fetch GET 200 https://registry.npmjs.org/@rolldown%2fbinding-freebsd-x64 330ms (cache miss)
448 silly packumentCache full:https://registry.npmjs.org/@rolldown%2fbinding-freebsd-x64 set size:undefined disposed:false
449 silly fetch manifest fdir@^6.5.0
450 silly packumentCache full:https://registry.npmjs.org/fdir cache-miss
451 http fetch GET 200 https://registry.npmjs.org/@rolldown%2fbinding-win32-x64-msvc 394ms (cache miss)
452 silly packumentCache full:https://registry.npmjs.org/@rolldown%2fbinding-win32-x64-msvc set size:undefined disposed:false
453 http fetch GET 200 https://registry.npmjs.org/@rolldown%2fbinding-linux-x64-gnu 393ms (cache miss)
454 silly packumentCache full:https://registry.npmjs.org/@rolldown%2fbinding-linux-x64-gnu set size:undefined disposed:false
455 http fetch GET 200 https://registry.npmjs.org/@rolldown%2fbinding-linux-arm64-musl 357ms (cache miss)
456 silly packumentCache full:https://registry.npmjs.org/@rolldown%2fbinding-linux-arm64-musl set size:undefined disposed:false
457 http fetch GET 200 https://registry.npmjs.org/@rolldown%2fbinding-linux-s390x-gnu 135ms (cache miss)
458 silly packumentCache full:https://registry.npmjs.org/@rolldown%2fbinding-linux-s390x-gnu set size:undefined disposed:false
459 http fetch GET 200 https://registry.npmjs.org/@rolldown%2fbinding-darwin-arm64 404ms (cache miss)
460 silly packumentCache full:https://registry.npmjs.org/@rolldown%2fbinding-darwin-arm64 set size:undefined disposed:false
461 http fetch GET 200 https://registry.npmjs.org/@rolldown%2fbinding-linux-arm64-gnu 436ms (cache miss)
462 silly packumentCache full:https://registry.npmjs.org/@rolldown%2fbinding-linux-arm64-gnu set size:undefined disposed:false
463 http fetch GET 200 https://registry.npmjs.org/@rolldown%2fbinding-linux-ppc64-gnu 159ms (cache miss)
464 silly packumentCache full:https://registry.npmjs.org/@rolldown%2fbinding-linux-ppc64-gnu set size:undefined disposed:false
465 http fetch GET 200 https://registry.npmjs.org/@rolldown%2fbinding-linux-arm-gnueabihf 460ms (cache miss)
466 silly packumentCache full:https://registry.npmjs.org/@rolldown%2fbinding-linux-arm-gnueabihf set size:undefined disposed:false
467 http fetch GET 200 https://registry.npmjs.org/fdir 158ms (cache miss)
468 silly packumentCache full:https://registry.npmjs.org/fdir set size:undefined disposed:false
469 http fetch GET 200 https://registry.npmjs.org/@rolldown%2fbinding-win32-arm64-msvc 391ms (cache miss)
470 silly packumentCache full:https://registry.npmjs.org/@rolldown%2fbinding-win32-arm64-msvc set size:undefined disposed:false
471 http fetch GET 200 https://registry.npmjs.org/@rolldown%2fbinding-wasm32-wasi 257ms (cache miss)
472 silly packumentCache full:https://registry.npmjs.org/@rolldown%2fbinding-wasm32-wasi set size:undefined disposed:false
473 silly placeDep ROOT detect-libc@2.1.2 OK for: lightningcss@1.32.0 want: ^2.0.3
474 silly placeDep ROOT lightningcss-android-arm64@1.32.0 OK for: lightningcss@1.32.0 want: 1.32.0
475 silly placeDep ROOT lightningcss-darwin-arm64@1.32.0 OK for: lightningcss@1.32.0 want: 1.32.0
476 silly placeDep ROOT lightningcss-darwin-x64@1.32.0 OK for: lightningcss@1.32.0 want: 1.32.0
477 silly placeDep ROOT lightningcss-freebsd-x64@1.32.0 OK for: lightningcss@1.32.0 want: 1.32.0
478 silly placeDep ROOT lightningcss-linux-arm-gnueabihf@1.32.0 OK for: lightningcss@1.32.0 want: 1.32.0
479 silly placeDep ROOT lightningcss-linux-arm64-gnu@1.32.0 OK for: lightningcss@1.32.0 want: 1.32.0
480 silly placeDep ROOT lightningcss-linux-arm64-musl@1.32.0 OK for: lightningcss@1.32.0 want: 1.32.0
481 silly placeDep ROOT lightningcss-linux-x64-gnu@1.32.0 OK for: lightningcss@1.32.0 want: 1.32.0
482 silly placeDep ROOT lightningcss-linux-x64-musl@1.32.0 OK for: lightningcss@1.32.0 want: 1.32.0
483 silly placeDep ROOT lightningcss-win32-arm64-msvc@1.32.0 OK for: lightningcss@1.32.0 want: 1.32.0
484 silly placeDep ROOT lightningcss-win32-x64-msvc@1.32.0 OK for: lightningcss@1.32.0 want: 1.32.0
485 silly placeDep ROOT nanoid@3.3.15 OK for: postcss@8.5.16 want: ^3.3.12
486 silly placeDep ROOT picocolors@1.1.1 OK for: postcss@8.5.16 want: ^1.1.1
487 silly placeDep ROOT source-map-js@1.2.1 OK for: postcss@8.5.16 want: ^1.2.1
488 silly placeDep ROOT @oxc-project/types@0.139.0 OK for: rolldown@1.1.5 want: =0.139.0
489 silly placeDep ROOT @rolldown/binding-android-arm64@1.1.5 OK for: rolldown@1.1.5 want: 1.1.5
490 silly placeDep ROOT @rolldown/binding-darwin-arm64@1.1.5 OK for: rolldown@1.1.5 want: 1.1.5
491 silly placeDep ROOT @rolldown/binding-darwin-x64@1.1.5 OK for: rolldown@1.1.5 want: 1.1.5
492 silly placeDep ROOT @rolldown/binding-freebsd-x64@1.1.5 OK for: rolldown@1.1.5 want: 1.1.5
493 silly placeDep ROOT @rolldown/binding-linux-arm-gnueabihf@1.1.5 OK for: rolldown@1.1.5 want: 1.1.5
494 silly placeDep ROOT @rolldown/binding-linux-arm64-gnu@1.1.5 OK for: rolldown@1.1.5 want: 1.1.5
495 silly placeDep ROOT @rolldown/binding-linux-arm64-musl@1.1.5 OK for: rolldown@1.1.5 want: 1.1.5
496 silly placeDep ROOT @rolldown/binding-linux-ppc64-gnu@1.1.5 OK for: rolldown@1.1.5 want: 1.1.5
497 silly placeDep ROOT @rolldown/binding-linux-s390x-gnu@1.1.5 OK for: rolldown@1.1.5 want: 1.1.5
498 silly placeDep ROOT @rolldown/binding-linux-x64-gnu@1.1.5 OK for: rolldown@1.1.5 want: 1.1.5
499 silly placeDep ROOT @rolldown/binding-linux-x64-musl@1.1.5 OK for: rolldown@1.1.5 want: 1.1.5
500 silly placeDep ROOT @rolldown/binding-openharmony-arm64@1.1.5 OK for: rolldown@1.1.5 want: 1.1.5
501 silly placeDep ROOT @rolldown/binding-wasm32-wasi@1.1.5 OK for: rolldown@1.1.5 want: 1.1.5
502 silly placeDep ROOT @rolldown/binding-win32-arm64-msvc@1.1.5 OK for: rolldown@1.1.5 want: 1.1.5
503 silly placeDep ROOT @rolldown/binding-win32-x64-msvc@1.1.5 OK for: rolldown@1.1.5 want: 1.1.5
504 silly fetch manifest @napi-rs/wasm-runtime@^1.1.6
505 silly packumentCache full:https://registry.npmjs.org/@napi-rs%2fwasm-runtime cache-miss
506 silly fetch manifest @emnapi/core@1.11.1
507 silly packumentCache full:https://registry.npmjs.org/@emnapi%2fcore cache-miss
508 silly fetch manifest @emnapi/runtime@1.11.1
509 silly packumentCache full:https://registry.npmjs.org/@emnapi%2fruntime cache-miss
510 http fetch GET 200 https://registry.npmjs.org/@napi-rs%2fwasm-runtime 64ms (cache miss)
511 silly packumentCache full:https://registry.npmjs.org/@napi-rs%2fwasm-runtime set size:undefined disposed:false
512 http fetch GET 200 https://registry.npmjs.org/@emnapi%2fcore 57ms (cache miss)
513 silly packumentCache full:https://registry.npmjs.org/@emnapi%2fcore set size:undefined disposed:false
514 http fetch GET 200 https://registry.npmjs.org/@emnapi%2fruntime 57ms (cache miss)
515 silly packumentCache full:https://registry.npmjs.org/@emnapi%2fruntime set size:undefined disposed:false
516 silly placeDep ROOT @emnapi/core@1.11.1 OK for: @rolldown/binding-wasm32-wasi@1.1.5 want: 1.11.1
517 silly placeDep ROOT @emnapi/runtime@1.11.1 OK for: @rolldown/binding-wasm32-wasi@1.1.5 want: 1.11.1
518 silly placeDep ROOT @napi-rs/wasm-runtime@1.1.6 OK for: @rolldown/binding-wasm32-wasi@1.1.5 want: ^1.1.6
519 silly fetch manifest tslib@^2.4.0
520 silly packumentCache full:https://registry.npmjs.org/tslib cache-miss
521 silly fetch manifest @emnapi/wasi-threads@1.2.2
522 silly packumentCache full:https://registry.npmjs.org/@emnapi%2fwasi-threads cache-miss
523 silly fetch manifest tslib@^2.4.0
524 silly packumentCache full:https://registry.npmjs.org/tslib cache-miss
525 silly fetch manifest @tybys/wasm-util@^0.10.3
526 silly packumentCache full:https://registry.npmjs.org/@tybys%2fwasm-util cache-miss
527 http fetch GET 200 https://registry.npmjs.org/tslib 48ms (cache miss)
528 silly packumentCache full:https://registry.npmjs.org/tslib set size:undefined disposed:false
529 http fetch GET 200 https://registry.npmjs.org/tslib 51ms (cache miss)
530 silly packumentCache full:https://registry.npmjs.org/tslib set size:undefined disposed:false
531 http fetch GET 200 https://registry.npmjs.org/@emnapi%2fwasi-threads 54ms (cache miss)
532 silly packumentCache full:https://registry.npmjs.org/@emnapi%2fwasi-threads set size:undefined disposed:false
533 http fetch GET 200 https://registry.npmjs.org/@tybys%2fwasm-util 54ms (cache miss)
534 silly packumentCache full:https://registry.npmjs.org/@tybys%2fwasm-util set size:undefined disposed:false
535 silly placeDep ROOT @emnapi/wasi-threads@1.2.2 OK for: @emnapi/core@1.11.1 want: 1.2.2
536 silly placeDep ROOT tslib@2.8.1 OK for: @emnapi/core@1.11.1 want: ^2.4.0
537 silly placeDep ROOT @tybys/wasm-util@0.10.3 OK for: @napi-rs/wasm-runtime@1.1.6 want: ^0.10.3
538 silly fetch manifest picomatch@^4.0.4
539 silly packumentCache full:https://registry.npmjs.org/picomatch cache-miss
540 http fetch GET 200 https://registry.npmjs.org/picomatch 7ms (cache hit)
541 silly packumentCache full:https://registry.npmjs.org/picomatch set size:128942 disposed:false
542 silly placeDep ROOT fdir@6.5.0 OK for: tinyglobby@0.2.17 want: ^6.5.0
543 silly reify moves {}
544 silly audit bulk request {
544 silly audit   '@types/react': [ '19.2.17' ],
544 silly audit   '@types/react-dom': [ '19.2.3' ],
544 silly audit   '@vitejs/plugin-react': [ '6.0.3' ],
544 silly audit   vite: [ '8.1.4' ],
544 silly audit   oxlint: [ '1.73.0' ],
544 silly audit   react: [ '19.2.7' ],
544 silly audit   'react-dom': [ '19.2.7' ],
544 silly audit   csstype: [ '3.2.3' ],
544 silly audit   '@rolldown/pluginutils': [ '1.0.1' ],
544 silly audit   '@oxlint/binding-android-arm-eabi': [ '1.73.0' ],
544 silly audit   '@oxlint/binding-android-arm64': [ '1.73.0' ],
544 silly audit   '@oxlint/binding-darwin-arm64': [ '1.73.0' ],
544 silly audit   '@oxlint/binding-darwin-x64': [ '1.73.0' ],
544 silly audit   '@oxlint/binding-freebsd-x64': [ '1.73.0' ],
544 silly audit   '@oxlint/binding-linux-arm-gnueabihf': [ '1.73.0' ],
544 silly audit   '@oxlint/binding-linux-arm-musleabihf': [ '1.73.0' ],
544 silly audit   '@oxlint/binding-linux-arm64-gnu': [ '1.73.0' ],
544 silly audit   '@oxlint/binding-linux-arm64-musl': [ '1.73.0' ],
544 silly audit   '@oxlint/binding-linux-ppc64-gnu': [ '1.73.0' ],
544 silly audit   '@oxlint/binding-linux-riscv64-gnu': [ '1.73.0' ],
544 silly audit   '@oxlint/binding-linux-riscv64-musl': [ '1.73.0' ],
544 silly audit   '@oxlint/binding-linux-s390x-gnu': [ '1.73.0' ],
544 silly audit   '@oxlint/binding-linux-x64-gnu': [ '1.73.0' ],
544 silly audit   '@oxlint/binding-linux-x64-musl': [ '1.73.0' ],
544 silly audit   '@oxlint/binding-openharmony-arm64': [ '1.73.0' ],
544 silly audit   '@oxlint/binding-win32-arm64-msvc': [ '1.73.0' ],
544 silly audit   '@oxlint/binding-win32-ia32-msvc': [ '1.73.0' ],
544 silly audit   '@oxlint/binding-win32-x64-msvc': [ '1.73.0' ],
544 silly audit   scheduler: [ '0.27.0' ],
544 silly audit   fsevents: [ '2.3.3' ],
544 silly audit   lightningcss: [ '1.32.0' ],
544 silly audit   picomatch: [ '4.0.5' ],
544 silly audit   postcss: [ '8.5.16' ],
544 silly audit   rolldown: [ '1.1.5' ],
544 silly audit   tinyglobby: [ '0.2.17' ],
544 silly audit   'detect-libc': [ '2.1.2' ],
544 silly audit   'lightningcss-android-arm64': [ '1.32.0' ],
544 silly audit   'lightningcss-darwin-arm64': [ '1.32.0' ],
544 silly audit   'lightningcss-darwin-x64': [ '1.32.0' ],
544 silly audit   'lightningcss-freebsd-x64': [ '1.32.0' ],
544 silly audit   'lightningcss-linux-arm-gnueabihf': [ '1.32.0' ],
544 silly audit   'lightningcss-linux-arm64-gnu': [ '1.32.0' ],
544 silly audit   'lightningcss-linux-arm64-musl': [ '1.32.0' ],
544 silly audit   'lightningcss-linux-x64-gnu': [ '1.32.0' ],
544 silly audit   'lightningcss-linux-x64-musl': [ '1.32.0' ],
544 silly audit   'lightningcss-win32-arm64-msvc': [ '1.32.0' ],
544 silly audit   'lightningcss-win32-x64-msvc': [ '1.32.0' ],
544 silly audit   nanoid: [ '3.3.15' ],
544 silly audit   picocolors: [ '1.1.1' ],
544 silly audit   'source-map-js': [ '1.2.1' ],
544 silly audit   '@oxc-project/types': [ '0.139.0' ],
544 silly audit   '@rolldown/binding-android-arm64': [ '1.1.5' ],
544 silly audit   '@rolldown/binding-darwin-arm64': [ '1.1.5' ],
544 silly audit   '@rolldown/binding-darwin-x64': [ '1.1.5' ],
544 silly audit   '@rolldown/binding-freebsd-x64': [ '1.1.5' ],
544 silly audit   '@rolldown/binding-linux-arm-gnueabihf': [ '1.1.5' ],
544 silly audit   '@rolldown/binding-linux-arm64-gnu': [ '1.1.5' ],
544 silly audit   '@rolldown/binding-linux-arm64-musl': [ '1.1.5' ],
544 silly audit   '@rolldown/binding-linux-ppc64-gnu': [ '1.1.5' ],
544 silly audit   '@rolldown/binding-linux-s390x-gnu': [ '1.1.5' ],
544 silly audit   '@rolldown/binding-linux-x64-gnu': [ '1.1.5' ],
544 silly audit   '@rolldown/binding-linux-x64-musl': [ '1.1.5' ],
544 silly audit   '@rolldown/binding-openharmony-arm64': [ '1.1.5' ],
544 silly audit   '@rolldown/binding-wasm32-wasi': [ '1.1.5' ],
544 silly audit   '@rolldown/binding-win32-arm64-msvc': [ '1.1.5' ],
544 silly audit   '@rolldown/binding-win32-x64-msvc': [ '1.1.5' ],
544 silly audit   '@emnapi/core': [ '1.11.1' ],
544 silly audit   '@emnapi/runtime': [ '1.11.1' ],
544 silly audit   '@napi-rs/wasm-runtime': [ '1.1.6' ],
544 silly audit   '@emnapi/wasi-threads': [ '1.2.2' ],
544 silly audit   tslib: [ '2.8.1' ],
544 silly audit   '@tybys/wasm-util': [ '0.10.3' ],
544 silly audit   fdir: [ '6.5.0' ]
544 silly audit }
545 verbose reify failed optional dependency /platform/frontend/node_modules/@rolldown/binding-win32-x64-msvc
546 silly reify mark deleted [ '/platform/frontend/node_modules/@rolldown/binding-win32-x64-msvc' ]
547 verbose reify failed optional dependency /platform/frontend/node_modules/@rolldown/binding-win32-arm64-msvc
548 silly reify mark deleted [
548 silly reify   '/platform/frontend/node_modules/@rolldown/binding-win32-arm64-msvc'
548 silly reify ]
549 verbose reify failed optional dependency /platform/frontend/node_modules/@rolldown/binding-wasm32-wasi
550 silly reify mark deleted [ '/platform/frontend/node_modules/@rolldown/binding-wasm32-wasi' ]
551 verbose reify failed optional dependency /platform/frontend/node_modules/@napi-rs/wasm-runtime
552 silly reify mark deleted [ '/platform/frontend/node_modules/@napi-rs/wasm-runtime' ]
553 verbose reify failed optional dependency /platform/frontend/node_modules/@emnapi/core
554 silly reify mark deleted [ '/platform/frontend/node_modules/@emnapi/core' ]
555 verbose reify failed optional dependency /platform/frontend/node_modules/@emnapi/runtime
556 silly reify mark deleted [ '/platform/frontend/node_modules/@emnapi/runtime' ]
557 verbose reify failed optional dependency /platform/frontend/node_modules/@tybys/wasm-util
558 silly reify mark deleted [ '/platform/frontend/node_modules/@tybys/wasm-util' ]
559 verbose reify failed optional dependency /platform/frontend/node_modules/tslib
560 silly reify mark deleted [ '/platform/frontend/node_modules/tslib' ]
561 verbose reify failed optional dependency /platform/frontend/node_modules/@emnapi/wasi-threads
562 silly reify mark deleted [ '/platform/frontend/node_modules/@emnapi/wasi-threads' ]
563 verbose reify failed optional dependency /platform/frontend/node_modules/@rolldown/binding-openharmony-arm64
564 silly reify mark deleted [
564 silly reify   '/platform/frontend/node_modules/@rolldown/binding-openharmony-arm64'
564 silly reify ]
565 verbose reify failed optional dependency /platform/frontend/node_modules/@rolldown/binding-linux-x64-musl
566 silly reify mark deleted [ '/platform/frontend/node_modules/@rolldown/binding-linux-x64-musl' ]
567 verbose reify failed optional dependency /platform/frontend/node_modules/@rolldown/binding-linux-s390x-gnu
568 silly reify mark deleted [ '/platform/frontend/node_modules/@rolldown/binding-linux-s390x-gnu' ]
569 verbose reify failed optional dependency /platform/frontend/node_modules/@rolldown/binding-linux-ppc64-gnu
570 silly reify mark deleted [ '/platform/frontend/node_modules/@rolldown/binding-linux-ppc64-gnu' ]
571 verbose reify failed optional dependency /platform/frontend/node_modules/@rolldown/binding-linux-arm64-musl
572 silly reify mark deleted [
572 silly reify   '/platform/frontend/node_modules/@rolldown/binding-linux-arm64-musl'
572 silly reify ]
573 verbose reify failed optional dependency /platform/frontend/node_modules/@rolldown/binding-linux-arm64-gnu
574 silly reify mark deleted [ '/platform/frontend/node_modules/@rolldown/binding-linux-arm64-gnu' ]
575 verbose reify failed optional dependency /platform/frontend/node_modules/@rolldown/binding-linux-arm-gnueabihf
576 silly reify mark deleted [
576 silly reify   '/platform/frontend/node_modules/@rolldown/binding-linux-arm-gnueabihf'
576 silly reify ]
577 verbose reify failed optional dependency /platform/frontend/node_modules/@rolldown/binding-freebsd-x64
578 silly reify mark deleted [ '/platform/frontend/node_modules/@rolldown/binding-freebsd-x64' ]
579 verbose reify failed optional dependency /platform/frontend/node_modules/@rolldown/binding-darwin-x64
580 silly reify mark deleted [ '/platform/frontend/node_modules/@rolldown/binding-darwin-x64' ]
581 verbose reify failed optional dependency /platform/frontend/node_modules/@rolldown/binding-darwin-arm64
582 silly reify mark deleted [ '/platform/frontend/node_modules/@rolldown/binding-darwin-arm64' ]
583 verbose reify failed optional dependency /platform/frontend/node_modules/@rolldown/binding-android-arm64
584 silly reify mark deleted [ '/platform/frontend/node_modules/@rolldown/binding-android-arm64' ]
585 verbose reify failed optional dependency /platform/frontend/node_modules/lightningcss-win32-x64-msvc
586 silly reify mark deleted [ '/platform/frontend/node_modules/lightningcss-win32-x64-msvc' ]
587 verbose reify failed optional dependency /platform/frontend/node_modules/lightningcss-win32-arm64-msvc
588 silly reify mark deleted [ '/platform/frontend/node_modules/lightningcss-win32-arm64-msvc' ]
589 verbose reify failed optional dependency /platform/frontend/node_modules/lightningcss-linux-x64-musl
590 silly reify mark deleted [ '/platform/frontend/node_modules/lightningcss-linux-x64-musl' ]
591 verbose reify failed optional dependency /platform/frontend/node_modules/lightningcss-linux-arm64-musl
592 silly reify mark deleted [ '/platform/frontend/node_modules/lightningcss-linux-arm64-musl' ]
593 verbose reify failed optional dependency /platform/frontend/node_modules/lightningcss-linux-arm64-gnu
594 silly reify mark deleted [ '/platform/frontend/node_modules/lightningcss-linux-arm64-gnu' ]
595 verbose reify failed optional dependency /platform/frontend/node_modules/lightningcss-linux-arm-gnueabihf
596 silly reify mark deleted [ '/platform/frontend/node_modules/lightningcss-linux-arm-gnueabihf' ]
597 verbose reify failed optional dependency /platform/frontend/node_modules/lightningcss-freebsd-x64
598 silly reify mark deleted [ '/platform/frontend/node_modules/lightningcss-freebsd-x64' ]
599 verbose reify failed optional dependency /platform/frontend/node_modules/lightningcss-darwin-x64
600 silly reify mark deleted [ '/platform/frontend/node_modules/lightningcss-darwin-x64' ]
601 verbose reify failed optional dependency /platform/frontend/node_modules/lightningcss-darwin-arm64
602 silly reify mark deleted [ '/platform/frontend/node_modules/lightningcss-darwin-arm64' ]
603 verbose reify failed optional dependency /platform/frontend/node_modules/lightningcss-android-arm64
604 silly reify mark deleted [ '/platform/frontend/node_modules/lightningcss-android-arm64' ]
605 verbose reify failed optional dependency /platform/frontend/node_modules/fsevents
606 silly reify mark deleted [ '/platform/frontend/node_modules/fsevents' ]
607 verbose reify failed optional dependency /platform/frontend/node_modules/@oxlint/binding-win32-x64-msvc
608 silly reify mark deleted [ '/platform/frontend/node_modules/@oxlint/binding-win32-x64-msvc' ]
609 verbose reify failed optional dependency /platform/frontend/node_modules/@oxlint/binding-win32-ia32-msvc
610 silly reify mark deleted [ '/platform/frontend/node_modules/@oxlint/binding-win32-ia32-msvc' ]
611 verbose reify failed optional dependency /platform/frontend/node_modules/@oxlint/binding-win32-arm64-msvc
612 silly reify mark deleted [ '/platform/frontend/node_modules/@oxlint/binding-win32-arm64-msvc' ]
613 verbose reify failed optional dependency /platform/frontend/node_modules/@oxlint/binding-openharmony-arm64
614 silly reify mark deleted [ '/platform/frontend/node_modules/@oxlint/binding-openharmony-arm64' ]
615 verbose reify failed optional dependency /platform/frontend/node_modules/@oxlint/binding-linux-x64-musl
616 silly reify mark deleted [ '/platform/frontend/node_modules/@oxlint/binding-linux-x64-musl' ]
617 verbose reify failed optional dependency /platform/frontend/node_modules/@oxlint/binding-linux-s390x-gnu
618 silly reify mark deleted [ '/platform/frontend/node_modules/@oxlint/binding-linux-s390x-gnu' ]
619 verbose reify failed optional dependency /platform/frontend/node_modules/@oxlint/binding-linux-riscv64-musl
620 silly reify mark deleted [
620 silly reify   '/platform/frontend/node_modules/@oxlint/binding-linux-riscv64-musl'
620 silly reify ]
621 verbose reify failed optional dependency /platform/frontend/node_modules/@oxlint/binding-linux-riscv64-gnu
622 silly reify mark deleted [ '/platform/frontend/node_modules/@oxlint/binding-linux-riscv64-gnu' ]
623 verbose reify failed optional dependency /platform/frontend/node_modules/@oxlint/binding-linux-ppc64-gnu
624 silly reify mark deleted [ '/platform/frontend/node_modules/@oxlint/binding-linux-ppc64-gnu' ]
625 verbose reify failed optional dependency /platform/frontend/node_modules/@oxlint/binding-linux-arm64-musl
626 silly reify mark deleted [ '/platform/frontend/node_modules/@oxlint/binding-linux-arm64-musl' ]
627 verbose reify failed optional dependency /platform/frontend/node_modules/@oxlint/binding-linux-arm64-gnu
628 silly reify mark deleted [ '/platform/frontend/node_modules/@oxlint/binding-linux-arm64-gnu' ]
629 verbose reify failed optional dependency /platform/frontend/node_modules/@oxlint/binding-linux-arm-musleabihf
630 silly reify mark deleted [
630 silly reify   '/platform/frontend/node_modules/@oxlint/binding-linux-arm-musleabihf'
630 silly reify ]
631 verbose reify failed optional dependency /platform/frontend/node_modules/@oxlint/binding-linux-arm-gnueabihf
632 silly reify mark deleted [
632 silly reify   '/platform/frontend/node_modules/@oxlint/binding-linux-arm-gnueabihf'
632 silly reify ]
633 verbose reify failed optional dependency /platform/frontend/node_modules/@oxlint/binding-freebsd-x64
634 silly reify mark deleted [ '/platform/frontend/node_modules/@oxlint/binding-freebsd-x64' ]
635 verbose reify failed optional dependency /platform/frontend/node_modules/@oxlint/binding-darwin-x64
636 silly reify mark deleted [ '/platform/frontend/node_modules/@oxlint/binding-darwin-x64' ]
637 verbose reify failed optional dependency /platform/frontend/node_modules/@oxlint/binding-darwin-arm64
638 silly reify mark deleted [ '/platform/frontend/node_modules/@oxlint/binding-darwin-arm64' ]
639 verbose reify failed optional dependency /platform/frontend/node_modules/@oxlint/binding-android-arm64
640 silly reify mark deleted [ '/platform/frontend/node_modules/@oxlint/binding-android-arm64' ]
641 verbose reify failed optional dependency /platform/frontend/node_modules/@oxlint/binding-android-arm-eabi
642 silly reify mark deleted [ '/platform/frontend/node_modules/@oxlint/binding-android-arm-eabi' ]
643 silly tarball no local data for fdir@https://registry.npmjs.org/fdir/-/fdir-6.5.0.tgz. Extracting by manifest.
644 silly tarball no local data for @tybys/wasm-util@https://registry.npmjs.org/@tybys/wasm-util/-/wasm-util-0.10.3.tgz. Extracting by manifest.
645 silly tarball no local data for tslib@https://registry.npmjs.org/tslib/-/tslib-2.8.1.tgz. Extracting by manifest.
646 silly tarball no local data for @emnapi/runtime@https://registry.npmjs.org/@emnapi/runtime/-/runtime-1.11.1.tgz. Extracting by manifest.
647 silly tarball no local data for @emnapi/core@https://registry.npmjs.org/@emnapi/core/-/core-1.11.1.tgz. Extracting by manifest.
648 silly tarball no local data for @napi-rs/wasm-runtime@https://registry.npmjs.org/@napi-rs/wasm-runtime/-/wasm-runtime-1.1.6.tgz. Extracting by manifest.
649 silly tarball no local data for @emnapi/wasi-threads@https://registry.npmjs.org/@emnapi/wasi-threads/-/wasi-threads-1.2.2.tgz. Extracting by manifest.
650 silly tarball no local data for @rolldown/binding-linux-x64-gnu@https://registry.npmjs.org/@rolldown/binding-linux-x64-gnu/-/binding-linux-x64-gnu-1.1.5.tgz. Extracting by manifest.
651 silly tarball no local data for @oxc-project/types@https://registry.npmjs.org/@oxc-project/types/-/types-0.139.0.tgz. Extracting by manifest.
652 silly tarball no local data for picocolors@https://registry.npmjs.org/picocolors/-/picocolors-1.1.1.tgz. Extracting by manifest.
653 silly tarball no local data for nanoid@https://registry.npmjs.org/nanoid/-/nanoid-3.3.15.tgz. Extracting by manifest.
654 silly tarball no local data for source-map-js@https://registry.npmjs.org/source-map-js/-/source-map-js-1.2.1.tgz. Extracting by manifest.
655 silly tarball no local data for tinyglobby@https://registry.npmjs.org/tinyglobby/-/tinyglobby-0.2.17.tgz. Extracting by manifest.
656 silly tarball no local data for rolldown@https://registry.npmjs.org/rolldown/-/rolldown-1.1.5.tgz. Extracting by manifest.
657 silly tarball no local data for lightningcss-linux-x64-gnu@https://registry.npmjs.org/lightningcss-linux-x64-gnu/-/lightningcss-linux-x64-gnu-1.32.0.tgz. Extracting by manifest.
658 silly tarball no local data for postcss@https://registry.npmjs.org/postcss/-/postcss-8.5.16.tgz. Extracting by manifest.
659 silly tarball no local data for picomatch@https://registry.npmjs.org/picomatch/-/picomatch-4.0.5.tgz. Extracting by manifest.
660 silly tarball no local data for scheduler@https://registry.npmjs.org/scheduler/-/scheduler-0.27.0.tgz. Extracting by manifest.
661 silly tarball no local data for lightningcss@https://registry.npmjs.org/lightningcss/-/lightningcss-1.32.0.tgz. Extracting by manifest.
662 silly tarball no local data for @oxlint/binding-linux-x64-gnu@https://registry.npmjs.org/@oxlint/binding-linux-x64-gnu/-/binding-linux-x64-gnu-1.73.0.tgz. Extracting by manifest.
663 silly tarball no local data for react-dom@https://registry.npmjs.org/react-dom/-/react-dom-19.2.7.tgz. Extracting by manifest.
664 silly tarball no local data for csstype@https://registry.npmjs.org/csstype/-/csstype-3.2.3.tgz. Extracting by manifest.
665 silly tarball no local data for @rolldown/pluginutils@https://registry.npmjs.org/@rolldown/pluginutils/-/pluginutils-1.0.1.tgz. Extracting by manifest.
666 silly tarball no local data for detect-libc@https://registry.npmjs.org/detect-libc/-/detect-libc-2.1.2.tgz. Extracting by manifest.
667 silly tarball no local data for react@https://registry.npmjs.org/react/-/react-19.2.7.tgz. Extracting by manifest.
668 silly tarball no local data for oxlint@https://registry.npmjs.org/oxlint/-/oxlint-1.73.0.tgz. Extracting by manifest.
669 silly tarball no local data for @types/react-dom@https://registry.npmjs.org/@types/react-dom/-/react-dom-19.2.3.tgz. Extracting by manifest.
670 silly tarball no local data for @vitejs/plugin-react@https://registry.npmjs.org/@vitejs/plugin-react/-/plugin-react-6.0.3.tgz. Extracting by manifest.
671 silly tarball no local data for vite@https://registry.npmjs.org/vite/-/vite-8.1.4.tgz. Extracting by manifest.
672 silly tarball no local data for @types/react@https://registry.npmjs.org/@types/react/-/react-19.2.17.tgz. Extracting by manifest.
673 http fetch POST 200 https://registry.npmjs.org/-/npm/v1/security/advisories/bulk 656ms
674 silly audit report {}
675 http fetch GET 200 https://registry.npmjs.org/picocolors/-/picocolors-1.1.1.tgz 448ms (cache miss)
676 http fetch GET 200 https://registry.npmjs.org/detect-libc/-/detect-libc-2.1.2.tgz 438ms (cache miss)
677 http fetch GET 200 https://registry.npmjs.org/fdir/-/fdir-6.5.0.tgz 473ms (cache miss)
678 http fetch GET 200 https://registry.npmjs.org/@oxc-project/types/-/types-0.139.0.tgz 464ms (cache miss)
679 http fetch GET 200 https://registry.npmjs.org/picomatch/-/picomatch-4.0.5.tgz 461ms (cache miss)
680 http fetch GET 200 https://registry.npmjs.org/scheduler/-/scheduler-0.27.0.tgz 467ms (cache miss)
681 http fetch GET 200 https://registry.npmjs.org/@rolldown/pluginutils/-/pluginutils-1.0.1.tgz 460ms (cache miss)
682 http fetch GET 200 https://registry.npmjs.org/@vitejs/plugin-react/-/plugin-react-6.0.3.tgz 455ms (cache miss)
683 http fetch GET 200 https://registry.npmjs.org/@types/react-dom/-/react-dom-19.2.3.tgz 461ms (cache miss)
684 http fetch GET 200 https://registry.npmjs.org/tslib/-/tslib-2.8.1.tgz 509ms (cache miss)
685 http fetch GET 200 https://registry.npmjs.org/tinyglobby/-/tinyglobby-0.2.17.tgz 537ms (cache miss)
686 http fetch GET 200 https://registry.npmjs.org/@emnapi/wasi-threads/-/wasi-threads-1.2.2.tgz 577ms (cache miss)
687 http fetch GET 200 https://registry.npmjs.org/nanoid/-/nanoid-3.3.15.tgz 603ms (cache miss)
688 http fetch GET 200 https://registry.npmjs.org/lightningcss/-/lightningcss-1.32.0.tgz 621ms (cache miss)
689 http fetch GET 200 https://registry.npmjs.org/react/-/react-19.2.7.tgz 613ms (cache miss)
690 http fetch GET 200 https://registry.npmjs.org/@emnapi/runtime/-/runtime-1.11.1.tgz 658ms (cache miss)
691 http fetch GET 200 https://registry.npmjs.org/@types/react/-/react-19.2.17.tgz 635ms (cache miss)
692 http fetch GET 200 https://registry.npmjs.org/source-map-js/-/source-map-js-1.2.1.tgz 687ms (cache miss)
693 http fetch GET 200 https://registry.npmjs.org/postcss/-/postcss-8.5.16.tgz 703ms (cache miss)
694 http fetch GET 200 https://registry.npmjs.org/csstype/-/csstype-3.2.3.tgz 732ms (cache miss)
695 http fetch GET 200 https://registry.npmjs.org/@tybys/wasm-util/-/wasm-util-0.10.3.tgz 803ms (cache miss)
696 http fetch GET 200 https://registry.npmjs.org/@emnapi/core/-/core-1.11.1.tgz 839ms (cache miss)
697 http fetch GET 200 https://registry.npmjs.org/rolldown/-/rolldown-1.1.5.tgz 847ms (cache miss)
698 http fetch GET 200 https://registry.npmjs.org/oxlint/-/oxlint-1.73.0.tgz 851ms (cache miss)
699 http fetch GET 200 https://registry.npmjs.org/vite/-/vite-8.1.4.tgz 880ms (cache miss)
700 http fetch GET 200 https://registry.npmjs.org/@napi-rs/wasm-runtime/-/wasm-runtime-1.1.6.tgz 1072ms (cache miss)
701 http fetch GET 200 https://registry.npmjs.org/react-dom/-/react-dom-19.2.7.tgz 1140ms (cache miss)
702 http fetch GET 200 https://registry.npmjs.org/lightningcss-linux-x64-gnu/-/lightningcss-linux-x64-gnu-1.32.0.tgz 1255ms (cache miss)
703 http fetch GET 200 https://registry.npmjs.org/@oxlint/binding-linux-x64-gnu/-/binding-linux-x64-gnu-1.73.0.tgz 1413ms (cache miss)
704 http fetch GET 200 https://registry.npmjs.org/@rolldown/binding-linux-x64-gnu/-/binding-linux-x64-gnu-1.1.5.tgz 1449ms (cache miss)
705 silly ADD node_modules/fdir
706 silly ADD
707 silly ADD
708 silly ADD
709 silly ADD
710 silly ADD
711 silly ADD
712 silly ADD
713 silly ADD
714 silly ADD
715 silly ADD
716 silly ADD
717 silly ADD node_modules/@rolldown/binding-linux-x64-gnu
718 silly ADD
719 silly ADD
720 silly ADD
721 silly ADD
722 silly ADD
723 silly ADD
724 silly ADD
725 silly ADD
726 silly ADD
727 silly ADD node_modules/@oxc-project/types
728 silly ADD node_modules/source-map-js
729 silly ADD node_modules/picocolors
730 silly ADD node_modules/nanoid
731 silly ADD
732 silly ADD
733 silly ADD
734 silly ADD node_modules/lightningcss-linux-x64-gnu
735 silly ADD
736 silly ADD
737 silly ADD
738 silly ADD
739 silly ADD
740 silly ADD
741 silly ADD
742 silly ADD node_modules/detect-libc
743 silly ADD node_modules/tinyglobby
744 silly ADD node_modules/rolldown
745 silly ADD node_modules/postcss
746 silly ADD node_modules/picomatch
747 silly ADD node_modules/lightningcss
748 silly ADD
749 silly ADD node_modules/scheduler
750 silly ADD
751 silly ADD
752 silly ADD
753 silly ADD
754 silly ADD
755 silly ADD node_modules/@oxlint/binding-linux-x64-gnu
756 silly ADD
757 silly ADD
758 silly ADD
759 silly ADD
760 silly ADD
761 silly ADD
762 silly ADD
763 silly ADD
764 silly ADD
765 silly ADD
766 silly ADD
767 silly ADD
768 silly ADD
769 silly ADD node_modules/@rolldown/pluginutils
770 silly ADD node_modules/csstype
771 silly ADD node_modules/react-dom
772 silly ADD node_modules/react
773 silly ADD node_modules/oxlint
774 silly ADD node_modules/vite
775 silly ADD node_modules/@vitejs/plugin-react
776 silly ADD node_modules/@types/react-dom
777 silly ADD node_modules/@types/react
778 verbose cwd /platform/frontend
779 verbose os Linux 6.12.68+
780 verbose node v20.20.2
781 verbose npm  v10.8.2
782 verbose exit 0
783 info ok
