0 verbose cli /usr/bin/node /usr/bin/npm
1 info using npm@10.8.2
2 info using node@v20.20.2
3 silly config load:file:/usr/lib/node_modules/npm/npmrc
4 silly config load:file:/platform/frontend/.npmrc
5 silly config load:file:/root/.npmrc
6 silly config load:file:/usr/etc/npmrc
7 verbose title npm install axios react-router-dom@6 lucide-react
8 verbose argv "install" "axios" "react-router-dom@6" "lucide-react"
9 verbose logfile logs-max:10 dir:/app/.npm-cache/_logs/2026-07-11T07_39_12_539Z-
10 verbose logfile /app/.npm-cache/_logs/2026-07-11T07_39_12_539Z-debug-0.log
11 silly packumentCache heap:2197815296 maxSize:549453824 maxEntrySize:274726912
12 silly logfile done cleaning log files
13 silly idealTree buildDeps
14 silly fetch manifest axios@*
15 silly packumentCache full:https://registry.npmjs.org/axios cache-miss
16 http fetch GET 200 https://registry.npmjs.org/axios 281ms (cache miss)
17 silly packumentCache full:https://registry.npmjs.org/axios set size:undefined disposed:false
18 silly fetch manifest react-router-dom@6
19 silly packumentCache full:https://registry.npmjs.org/react-router-dom cache-miss
20 http fetch GET 200 https://registry.npmjs.org/react-router-dom 189ms (cache miss)
21 silly packumentCache full:https://registry.npmjs.org/react-router-dom set size:undefined disposed:false
22 silly fetch manifest react@^19.2.7
23 silly packumentCache full:https://registry.npmjs.org/react cache-miss
24 http fetch GET 200 https://registry.npmjs.org/react 34ms (cache hit)
25 silly packumentCache full:https://registry.npmjs.org/react set size:6787766 disposed:false
26 silly fetch manifest react-dom@^19.2.7
27 silly packumentCache full:https://registry.npmjs.org/react-dom cache-miss
28 http fetch GET 200 https://registry.npmjs.org/react-dom 54ms (cache hit)
29 silly packumentCache full:https://registry.npmjs.org/react-dom set size:9091692 disposed:false
30 silly fetch manifest lucide-react@*
31 silly packumentCache full:https://registry.npmjs.org/lucide-react cache-miss
32 http fetch GET 200 https://registry.npmjs.org/lucide-react 112ms (cache miss)
33 silly packumentCache full:https://registry.npmjs.org/lucide-react set size:undefined disposed:false
34 silly placeDep ROOT axios@1.18.1 OK for: frontend@0.0.0 want: *
35 silly placeDep ROOT lucide-react@1.24.0 OK for: frontend@0.0.0 want: *
36 silly placeDep ROOT react-router-dom@6.30.4 OK for: frontend@0.0.0 want: 6
37 silly fetch manifest form-data@^4.0.5
38 silly packumentCache full:https://registry.npmjs.org/form-data cache-miss
39 silly fetch manifest proxy-from-env@^2.1.0
40 silly packumentCache full:https://registry.npmjs.org/proxy-from-env cache-miss
41 silly fetch manifest follow-redirects@^1.16.0
42 silly packumentCache full:https://registry.npmjs.org/follow-redirects cache-miss
43 silly fetch manifest https-proxy-agent@^5.0.1
44 silly packumentCache full:https://registry.npmjs.org/https-proxy-agent cache-miss
45 silly fetch manifest react-router@6.30.4
46 silly packumentCache full:https://registry.npmjs.org/react-router cache-miss
47 silly fetch manifest @remix-run/router@1.23.3
48 silly packumentCache full:https://registry.npmjs.org/@remix-run%2frouter cache-miss
49 http fetch GET 200 https://registry.npmjs.org/form-data 78ms (cache miss)
50 silly packumentCache full:https://registry.npmjs.org/form-data set size:undefined disposed:false
51 http fetch GET 200 https://registry.npmjs.org/proxy-from-env 118ms (cache miss)
52 silly packumentCache full:https://registry.npmjs.org/proxy-from-env set size:undefined disposed:false
53 http fetch GET 200 https://registry.npmjs.org/https-proxy-agent 120ms (cache miss)
54 silly packumentCache full:https://registry.npmjs.org/https-proxy-agent set size:undefined disposed:false
55 http fetch GET 200 https://registry.npmjs.org/follow-redirects 128ms (cache miss)
56 silly packumentCache full:https://registry.npmjs.org/follow-redirects set size:undefined disposed:false
57 http fetch GET 200 https://registry.npmjs.org/@remix-run%2frouter 169ms (cache miss)
58 silly packumentCache full:https://registry.npmjs.org/@remix-run%2frouter set size:undefined disposed:false
59 http fetch GET 200 https://registry.npmjs.org/react-router 234ms (cache miss)
60 silly packumentCache full:https://registry.npmjs.org/react-router set size:undefined disposed:false
61 silly placeDep ROOT follow-redirects@1.16.0 OK for: axios@1.18.1 want: ^1.16.0
62 silly placeDep ROOT form-data@4.0.6 OK for: axios@1.18.1 want: ^4.0.5
63 silly placeDep ROOT https-proxy-agent@5.0.1 OK for: axios@1.18.1 want: ^5.0.1
64 silly placeDep ROOT proxy-from-env@2.1.0 OK for: axios@1.18.1 want: ^2.1.0
65 silly fetch manifest hasown@^2.0.4
66 silly packumentCache full:https://registry.npmjs.org/hasown cache-miss
67 silly fetch manifest asynckit@^0.4.0
68 silly packumentCache full:https://registry.npmjs.org/asynckit cache-miss
69 silly fetch manifest mime-types@^2.1.35
70 silly packumentCache full:https://registry.npmjs.org/mime-types cache-miss
71 silly fetch manifest combined-stream@^1.0.8
72 silly packumentCache full:https://registry.npmjs.org/combined-stream cache-miss
73 silly fetch manifest es-set-tostringtag@^2.1.0
74 silly packumentCache full:https://registry.npmjs.org/es-set-tostringtag cache-miss
75 silly fetch manifest debug@4
76 silly packumentCache full:https://registry.npmjs.org/debug cache-miss
77 silly fetch manifest agent-base@6
78 silly packumentCache full:https://registry.npmjs.org/agent-base cache-miss
79 http fetch GET 200 https://registry.npmjs.org/hasown 71ms (cache miss)
80 silly packumentCache full:https://registry.npmjs.org/hasown set size:undefined disposed:false
81 http fetch GET 200 https://registry.npmjs.org/asynckit 74ms (cache miss)
82 silly packumentCache full:https://registry.npmjs.org/asynckit set size:undefined disposed:false
83 http fetch GET 200 https://registry.npmjs.org/es-set-tostringtag 77ms (cache miss)
84 silly packumentCache full:https://registry.npmjs.org/es-set-tostringtag set size:undefined disposed:false
85 http fetch GET 200 https://registry.npmjs.org/combined-stream 81ms (cache miss)
86 silly packumentCache full:https://registry.npmjs.org/combined-stream set size:undefined disposed:false
87 http fetch GET 200 https://registry.npmjs.org/debug 85ms (cache miss)
88 silly packumentCache full:https://registry.npmjs.org/debug set size:undefined disposed:false
89 http fetch GET 200 https://registry.npmjs.org/mime-types 91ms (cache miss)
90 silly packumentCache full:https://registry.npmjs.org/mime-types set size:undefined disposed:false
91 http fetch GET 200 https://registry.npmjs.org/agent-base 108ms (cache miss)
92 silly packumentCache full:https://registry.npmjs.org/agent-base set size:undefined disposed:false
93 silly placeDep ROOT asynckit@0.4.0 OK for: form-data@4.0.6 want: ^0.4.0
94 silly placeDep ROOT combined-stream@1.0.8 OK for: form-data@4.0.6 want: ^1.0.8
95 silly placeDep ROOT es-set-tostringtag@2.1.0 OK for: form-data@4.0.6 want: ^2.1.0
96 silly placeDep ROOT hasown@2.0.4 OK for: form-data@4.0.6 want: ^2.0.4
97 silly placeDep ROOT mime-types@2.1.35 OK for: form-data@4.0.6 want: ^2.1.35
98 silly fetch manifest delayed-stream@~1.0.0
99 silly packumentCache full:https://registry.npmjs.org/delayed-stream cache-miss
100 silly fetch manifest es-errors@^1.3.0
101 silly packumentCache full:https://registry.npmjs.org/es-errors cache-miss
102 silly fetch manifest get-intrinsic@^1.2.6
103 silly packumentCache full:https://registry.npmjs.org/get-intrinsic cache-miss
104 silly fetch manifest has-tostringtag@^1.0.2
105 silly packumentCache full:https://registry.npmjs.org/has-tostringtag cache-miss
106 silly fetch manifest hasown@^2.0.2
107 silly packumentCache full:https://registry.npmjs.org/hasown cache-miss
108 silly fetch manifest function-bind@^1.1.2
109 silly packumentCache full:https://registry.npmjs.org/function-bind cache-miss
110 silly fetch manifest mime-db@1.52.0
111 silly packumentCache full:https://registry.npmjs.org/mime-db cache-miss
112 http fetch GET 200 https://registry.npmjs.org/hasown 31ms (cache hit)
113 silly packumentCache full:https://registry.npmjs.org/hasown set size:18361 disposed:false
114 http fetch GET 200 https://registry.npmjs.org/function-bind 69ms (cache miss)
115 silly packumentCache full:https://registry.npmjs.org/function-bind set size:undefined disposed:false
116 http fetch GET 200 https://registry.npmjs.org/delayed-stream 78ms (cache miss)
117 silly packumentCache full:https://registry.npmjs.org/delayed-stream set size:undefined disposed:false
118 http fetch GET 200 https://registry.npmjs.org/has-tostringtag 77ms (cache miss)
119 silly packumentCache full:https://registry.npmjs.org/has-tostringtag set size:undefined disposed:false
120 http fetch GET 200 https://registry.npmjs.org/es-errors 81ms (cache miss)
121 silly packumentCache full:https://registry.npmjs.org/es-errors set size:undefined disposed:false
122 http fetch GET 200 https://registry.npmjs.org/get-intrinsic 81ms (cache miss)
123 silly packumentCache full:https://registry.npmjs.org/get-intrinsic set size:undefined disposed:false
124 http fetch GET 200 https://registry.npmjs.org/mime-db 76ms (cache miss)
125 silly packumentCache full:https://registry.npmjs.org/mime-db set size:undefined disposed:false
126 silly placeDep ROOT delayed-stream@1.0.0 OK for: combined-stream@1.0.8 want: ~1.0.0
127 silly placeDep ROOT es-errors@1.3.0 OK for: es-set-tostringtag@2.1.0 want: ^1.3.0
128 silly placeDep ROOT get-intrinsic@1.3.0 OK for: es-set-tostringtag@2.1.0 want: ^1.2.6
129 silly placeDep ROOT has-tostringtag@1.0.2 OK for: es-set-tostringtag@2.1.0 want: ^1.0.2
130 silly fetch manifest gopd@^1.2.0
131 silly packumentCache full:https://registry.npmjs.org/gopd cache-miss
132 silly fetch manifest get-proto@^1.0.1
133 silly packumentCache full:https://registry.npmjs.org/get-proto cache-miss
134 silly fetch manifest has-symbols@^1.1.0
135 silly packumentCache full:https://registry.npmjs.org/has-symbols cache-miss
136 silly fetch manifest es-object-atoms@^1.1.1
137 silly packumentCache full:https://registry.npmjs.org/es-object-atoms cache-miss
138 silly fetch manifest math-intrinsics@^1.1.0
139 silly packumentCache full:https://registry.npmjs.org/math-intrinsics cache-miss
140 silly fetch manifest es-define-property@^1.0.1
141 silly packumentCache full:https://registry.npmjs.org/es-define-property cache-miss
142 silly fetch manifest call-bind-apply-helpers@^1.0.2
143 silly packumentCache full:https://registry.npmjs.org/call-bind-apply-helpers cache-miss
144 silly fetch manifest has-symbols@^1.0.3
145 silly packumentCache full:https://registry.npmjs.org/has-symbols cache-miss
146 http fetch GET 200 https://registry.npmjs.org/call-bind-apply-helpers 70ms (cache miss)
147 silly packumentCache full:https://registry.npmjs.org/call-bind-apply-helpers set size:undefined disposed:false
148 http fetch GET 200 https://registry.npmjs.org/get-proto 80ms (cache miss)
149 silly packumentCache full:https://registry.npmjs.org/get-proto set size:undefined disposed:false
150 http fetch GET 200 https://registry.npmjs.org/gopd 87ms (cache miss)
151 silly packumentCache full:https://registry.npmjs.org/gopd set size:undefined disposed:false
152 http fetch GET 200 https://registry.npmjs.org/es-object-atoms 85ms (cache miss)
153 silly packumentCache full:https://registry.npmjs.org/es-object-atoms set size:undefined disposed:false
154 http fetch GET 200 https://registry.npmjs.org/math-intrinsics 85ms (cache miss)
155 silly packumentCache full:https://registry.npmjs.org/math-intrinsics set size:undefined disposed:false
156 http fetch GET 200 https://registry.npmjs.org/es-define-property 85ms (cache miss)
157 silly packumentCache full:https://registry.npmjs.org/es-define-property set size:undefined disposed:false
158 http fetch GET 200 https://registry.npmjs.org/has-symbols 92ms (cache miss)
159 silly packumentCache full:https://registry.npmjs.org/has-symbols set size:undefined disposed:false
160 http fetch GET 200 https://registry.npmjs.org/has-symbols 108ms (cache miss)
161 silly packumentCache full:https://registry.npmjs.org/has-symbols set size:undefined disposed:false
162 silly placeDep ROOT call-bind-apply-helpers@1.0.2 OK for: get-intrinsic@1.3.0 want: ^1.0.2
163 silly placeDep ROOT es-define-property@1.0.1 OK for: get-intrinsic@1.3.0 want: ^1.0.1
164 silly placeDep ROOT es-object-atoms@1.1.2 OK for: get-intrinsic@1.3.0 want: ^1.1.1
165 silly placeDep ROOT function-bind@1.1.2 OK for: get-intrinsic@1.3.0 want: ^1.1.2
166 silly placeDep ROOT get-proto@1.0.1 OK for: get-intrinsic@1.3.0 want: ^1.0.1
167 silly placeDep ROOT gopd@1.2.0 OK for: get-intrinsic@1.3.0 want: ^1.2.0
168 silly placeDep ROOT has-symbols@1.1.0 OK for: get-intrinsic@1.3.0 want: ^1.1.0
169 silly placeDep ROOT math-intrinsics@1.1.0 OK for: get-intrinsic@1.3.0 want: ^1.1.0
170 silly fetch manifest dunder-proto@^1.0.1
171 silly packumentCache full:https://registry.npmjs.org/dunder-proto cache-miss
172 http fetch GET 200 https://registry.npmjs.org/dunder-proto 29ms (cache miss)
173 silly packumentCache full:https://registry.npmjs.org/dunder-proto set size:undefined disposed:false
174 silly placeDep ROOT dunder-proto@1.0.1 OK for: get-proto@1.0.1 want: ^1.0.1
175 silly placeDep ROOT agent-base@6.0.2 OK for: https-proxy-agent@5.0.1 want: 6
176 silly placeDep ROOT debug@4.4.3 OK for: https-proxy-agent@5.0.1 want: 4
177 silly fetch manifest ms@^2.1.3
178 silly packumentCache full:https://registry.npmjs.org/ms cache-miss
179 http fetch GET 200 https://registry.npmjs.org/ms 38ms (cache miss)
180 silly packumentCache full:https://registry.npmjs.org/ms set size:undefined disposed:false
181 silly placeDep ROOT ms@2.1.3 OK for: debug@4.4.3 want: ^2.1.3
182 silly placeDep ROOT mime-db@1.52.0 OK for: mime-types@2.1.35 want: 1.52.0
183 silly fetch manifest react@>=16.8
184 silly packumentCache full:https://registry.npmjs.org/react cache-miss
185 http fetch GET 200 https://registry.npmjs.org/react 43ms (cache hit)
186 silly packumentCache full:https://registry.npmjs.org/react set size:6787766 disposed:false
187 silly placeDep ROOT @remix-run/router@1.23.3 OK for: react-router-dom@6.30.4 want: 1.23.3
188 silly placeDep ROOT react-router@6.30.4 OK for: react-router-dom@6.30.4 want: 6.30.4
189 silly reify moves {}
190 silly audit bulk request {
190 silly audit   '@emnapi/core': [ '1.11.1' ],
190 silly audit   '@emnapi/runtime': [ '1.11.1' ],
190 silly audit   '@emnapi/wasi-threads': [ '1.2.2' ],
190 silly audit   '@napi-rs/wasm-runtime': [ '1.1.6' ],
190 silly audit   '@oxc-project/types': [ '0.139.0' ],
190 silly audit   '@oxlint/binding-android-arm-eabi': [ '1.73.0' ],
190 silly audit   '@oxlint/binding-android-arm64': [ '1.73.0' ],
190 silly audit   '@oxlint/binding-darwin-arm64': [ '1.73.0' ],
190 silly audit   '@oxlint/binding-darwin-x64': [ '1.73.0' ],
190 silly audit   '@oxlint/binding-freebsd-x64': [ '1.73.0' ],
190 silly audit   '@oxlint/binding-linux-arm-gnueabihf': [ '1.73.0' ],
190 silly audit   '@oxlint/binding-linux-arm-musleabihf': [ '1.73.0' ],
190 silly audit   '@oxlint/binding-linux-arm64-gnu': [ '1.73.0' ],
190 silly audit   '@oxlint/binding-linux-arm64-musl': [ '1.73.0' ],
190 silly audit   '@oxlint/binding-linux-ppc64-gnu': [ '1.73.0' ],
190 silly audit   '@oxlint/binding-linux-riscv64-gnu': [ '1.73.0' ],
190 silly audit   '@oxlint/binding-linux-riscv64-musl': [ '1.73.0' ],
190 silly audit   '@oxlint/binding-linux-s390x-gnu': [ '1.73.0' ],
190 silly audit   '@oxlint/binding-linux-x64-gnu': [ '1.73.0' ],
190 silly audit   '@oxlint/binding-linux-x64-musl': [ '1.73.0' ],
190 silly audit   '@oxlint/binding-openharmony-arm64': [ '1.73.0' ],
190 silly audit   '@oxlint/binding-win32-arm64-msvc': [ '1.73.0' ],
190 silly audit   '@oxlint/binding-win32-ia32-msvc': [ '1.73.0' ],
190 silly audit   '@oxlint/binding-win32-x64-msvc': [ '1.73.0' ],
190 silly audit   '@rolldown/binding-android-arm64': [ '1.1.5' ],
190 silly audit   '@rolldown/binding-darwin-arm64': [ '1.1.5' ],
190 silly audit   '@rolldown/binding-darwin-x64': [ '1.1.5' ],
190 silly audit   '@rolldown/binding-freebsd-x64': [ '1.1.5' ],
190 silly audit   '@rolldown/binding-linux-arm-gnueabihf': [ '1.1.5' ],
190 silly audit   '@rolldown/binding-linux-arm64-gnu': [ '1.1.5' ],
190 silly audit   '@rolldown/binding-linux-arm64-musl': [ '1.1.5' ],
190 silly audit   '@rolldown/binding-linux-ppc64-gnu': [ '1.1.5' ],
190 silly audit   '@rolldown/binding-linux-s390x-gnu': [ '1.1.5' ],
190 silly audit   '@rolldown/binding-linux-x64-gnu': [ '1.1.5' ],
190 silly audit   '@rolldown/binding-linux-x64-musl': [ '1.1.5' ],
190 silly audit   '@rolldown/binding-openharmony-arm64': [ '1.1.5' ],
190 silly audit   '@rolldown/binding-wasm32-wasi': [ '1.1.5' ],
190 silly audit   '@rolldown/binding-win32-arm64-msvc': [ '1.1.5' ],
190 silly audit   '@rolldown/binding-win32-x64-msvc': [ '1.1.5' ],
190 silly audit   '@rolldown/pluginutils': [ '1.0.1' ],
190 silly audit   '@tybys/wasm-util': [ '0.10.3' ],
190 silly audit   '@types/react': [ '19.2.17' ],
190 silly audit   '@types/react-dom': [ '19.2.3' ],
190 silly audit   '@vitejs/plugin-react': [ '6.0.3' ],
190 silly audit   csstype: [ '3.2.3' ],
190 silly audit   'detect-libc': [ '2.1.2' ],
190 silly audit   fdir: [ '6.5.0' ],
190 silly audit   fsevents: [ '2.3.3' ],
190 silly audit   lightningcss: [ '1.32.0' ],
190 silly audit   'lightningcss-android-arm64': [ '1.32.0' ],
190 silly audit   'lightningcss-darwin-arm64': [ '1.32.0' ],
190 silly audit   'lightningcss-darwin-x64': [ '1.32.0' ],
190 silly audit   'lightningcss-freebsd-x64': [ '1.32.0' ],
190 silly audit   'lightningcss-linux-arm-gnueabihf': [ '1.32.0' ],
190 silly audit   'lightningcss-linux-arm64-gnu': [ '1.32.0' ],
190 silly audit   'lightningcss-linux-arm64-musl': [ '1.32.0' ],
190 silly audit   'lightningcss-linux-x64-gnu': [ '1.32.0' ],
190 silly audit   'lightningcss-linux-x64-musl': [ '1.32.0' ],
190 silly audit   'lightningcss-win32-arm64-msvc': [ '1.32.0' ],
190 silly audit   'lightningcss-win32-x64-msvc': [ '1.32.0' ],
190 silly audit   nanoid: [ '3.3.15' ],
190 silly audit   oxlint: [ '1.73.0' ],
190 silly audit   picocolors: [ '1.1.1' ],
190 silly audit   picomatch: [ '4.0.5' ],
190 silly audit   postcss: [ '8.5.16' ],
190 silly audit   react: [ '19.2.7' ],
190 silly audit   'react-dom': [ '19.2.7' ],
190 silly audit   rolldown: [ '1.1.5' ],
190 silly audit   scheduler: [ '0.27.0' ],
190 silly audit   'source-map-js': [ '1.2.1' ],
190 silly audit   tinyglobby: [ '0.2.17' ],
190 silly audit   tslib: [ '2.8.1' ],
190 silly audit   vite: [ '8.1.4' ],
190 silly audit   axios: [ '1.18.1' ],
190 silly audit   'lucide-react': [ '1.24.0' ],
190 silly audit   'react-router-dom': [ '6.30.4' ],
190 silly audit   'follow-redirects': [ '1.16.0' ],
190 silly audit   'form-data': [ '4.0.6' ],
190 silly audit   'https-proxy-agent': [ '5.0.1' ],
190 silly audit   'proxy-from-env': [ '2.1.0' ],
190 silly audit   asynckit: [ '0.4.0' ],
190 silly audit   'combined-stream': [ '1.0.8' ],
190 silly audit   'es-set-tostringtag': [ '2.1.0' ],
190 silly audit   hasown: [ '2.0.4' ],
190 silly audit   'mime-types': [ '2.1.35' ],
190 silly audit   'delayed-stream': [ '1.0.0' ],
190 silly audit   'es-errors': [ '1.3.0' ],
190 silly audit   'get-intrinsic': [ '1.3.0' ],
190 silly audit   'has-tostringtag': [ '1.0.2' ],
190 silly audit   'call-bind-apply-helpers': [ '1.0.2' ],
190 silly audit   'es-define-property': [ '1.0.1' ],
190 silly audit   'es-object-atoms': [ '1.1.2' ],
190 silly audit   'function-bind': [ '1.1.2' ],
190 silly audit   'get-proto': [ '1.0.1' ],
190 silly audit   gopd: [ '1.2.0' ],
190 silly audit   'has-symbols': [ '1.1.0' ],
190 silly audit   'math-intrinsics': [ '1.1.0' ],
190 silly audit   'dunder-proto': [ '1.0.1' ],
190 silly audit   'agent-base': [ '6.0.2' ],
190 silly audit   debug: [ '4.4.3' ],
190 silly audit   ms: [ '2.1.3' ],
190 silly audit   'mime-db': [ '1.52.0' ],
190 silly audit   '@remix-run/router': [ '1.23.3' ],
190 silly audit   'react-router': [ '6.30.4' ]
190 silly audit }
191 verbose reify failed optional dependency /platform/frontend/node_modules/lightningcss-win32-x64-msvc
192 silly reify mark deleted [ '/platform/frontend/node_modules/lightningcss-win32-x64-msvc' ]
193 verbose reify failed optional dependency /platform/frontend/node_modules/lightningcss-win32-arm64-msvc
194 silly reify mark deleted [ '/platform/frontend/node_modules/lightningcss-win32-arm64-msvc' ]
195 verbose reify failed optional dependency /platform/frontend/node_modules/lightningcss-linux-arm64-musl
196 silly reify mark deleted [ '/platform/frontend/node_modules/lightningcss-linux-arm64-musl' ]
197 verbose reify failed optional dependency /platform/frontend/node_modules/lightningcss-linux-arm64-gnu
198 silly reify mark deleted [ '/platform/frontend/node_modules/lightningcss-linux-arm64-gnu' ]
199 verbose reify failed optional dependency /platform/frontend/node_modules/lightningcss-linux-arm-gnueabihf
200 silly reify mark deleted [ '/platform/frontend/node_modules/lightningcss-linux-arm-gnueabihf' ]
201 verbose reify failed optional dependency /platform/frontend/node_modules/lightningcss-freebsd-x64
202 silly reify mark deleted [ '/platform/frontend/node_modules/lightningcss-freebsd-x64' ]
203 verbose reify failed optional dependency /platform/frontend/node_modules/lightningcss-darwin-x64
204 silly reify mark deleted [ '/platform/frontend/node_modules/lightningcss-darwin-x64' ]
205 verbose reify failed optional dependency /platform/frontend/node_modules/lightningcss-darwin-arm64
206 silly reify mark deleted [ '/platform/frontend/node_modules/lightningcss-darwin-arm64' ]
207 verbose reify failed optional dependency /platform/frontend/node_modules/lightningcss-android-arm64
208 silly reify mark deleted [ '/platform/frontend/node_modules/lightningcss-android-arm64' ]
209 verbose reify failed optional dependency /platform/frontend/node_modules/fsevents
210 silly reify mark deleted [ '/platform/frontend/node_modules/fsevents' ]
211 verbose reify failed optional dependency /platform/frontend/node_modules/@rolldown/binding-win32-x64-msvc
212 silly reify mark deleted [ '/platform/frontend/node_modules/@rolldown/binding-win32-x64-msvc' ]
213 verbose reify failed optional dependency /platform/frontend/node_modules/@rolldown/binding-win32-arm64-msvc
214 silly reify mark deleted [
214 silly reify   '/platform/frontend/node_modules/@rolldown/binding-win32-arm64-msvc'
214 silly reify ]
215 verbose reify failed optional dependency /platform/frontend/node_modules/@rolldown/binding-wasm32-wasi
216 silly reify mark deleted [ '/platform/frontend/node_modules/@rolldown/binding-wasm32-wasi' ]
217 verbose reify failed optional dependency /platform/frontend/node_modules/@emnapi/core
218 silly reify mark deleted [ '/platform/frontend/node_modules/@emnapi/core' ]
219 verbose reify failed optional dependency /platform/frontend/node_modules/@emnapi/runtime
220 silly reify mark deleted [ '/platform/frontend/node_modules/@emnapi/runtime' ]
221 verbose reify failed optional dependency /platform/frontend/node_modules/@napi-rs/wasm-runtime
222 silly reify mark deleted [ '/platform/frontend/node_modules/@napi-rs/wasm-runtime' ]
223 verbose reify failed optional dependency /platform/frontend/node_modules/@emnapi/wasi-threads
224 silly reify mark deleted [ '/platform/frontend/node_modules/@emnapi/wasi-threads' ]
225 verbose reify failed optional dependency /platform/frontend/node_modules/tslib
226 silly reify mark deleted [ '/platform/frontend/node_modules/tslib' ]
227 verbose reify failed optional dependency /platform/frontend/node_modules/@tybys/wasm-util
228 silly reify mark deleted [ '/platform/frontend/node_modules/@tybys/wasm-util' ]
229 verbose reify failed optional dependency /platform/frontend/node_modules/@rolldown/binding-openharmony-arm64
230 silly reify mark deleted [
230 silly reify   '/platform/frontend/node_modules/@rolldown/binding-openharmony-arm64'
230 silly reify ]
231 verbose reify failed optional dependency /platform/frontend/node_modules/@rolldown/binding-linux-s390x-gnu
232 silly reify mark deleted [ '/platform/frontend/node_modules/@rolldown/binding-linux-s390x-gnu' ]
233 verbose reify failed optional dependency /platform/frontend/node_modules/@rolldown/binding-linux-ppc64-gnu
234 silly reify mark deleted [ '/platform/frontend/node_modules/@rolldown/binding-linux-ppc64-gnu' ]
235 verbose reify failed optional dependency /platform/frontend/node_modules/@rolldown/binding-linux-arm64-musl
236 silly reify mark deleted [
236 silly reify   '/platform/frontend/node_modules/@rolldown/binding-linux-arm64-musl'
236 silly reify ]
237 verbose reify failed optional dependency /platform/frontend/node_modules/@rolldown/binding-linux-arm64-gnu
238 silly reify mark deleted [ '/platform/frontend/node_modules/@rolldown/binding-linux-arm64-gnu' ]
239 verbose reify failed optional dependency /platform/frontend/node_modules/@rolldown/binding-linux-arm-gnueabihf
240 silly reify mark deleted [
240 silly reify   '/platform/frontend/node_modules/@rolldown/binding-linux-arm-gnueabihf'
240 silly reify ]
241 verbose reify failed optional dependency /platform/frontend/node_modules/@rolldown/binding-freebsd-x64
242 silly reify mark deleted [ '/platform/frontend/node_modules/@rolldown/binding-freebsd-x64' ]
243 verbose reify failed optional dependency /platform/frontend/node_modules/@rolldown/binding-darwin-x64
244 silly reify mark deleted [ '/platform/frontend/node_modules/@rolldown/binding-darwin-x64' ]
245 verbose reify failed optional dependency /platform/frontend/node_modules/@rolldown/binding-darwin-arm64
246 silly reify mark deleted [ '/platform/frontend/node_modules/@rolldown/binding-darwin-arm64' ]
247 verbose reify failed optional dependency /platform/frontend/node_modules/@rolldown/binding-android-arm64
248 silly reify mark deleted [ '/platform/frontend/node_modules/@rolldown/binding-android-arm64' ]
249 verbose reify failed optional dependency /platform/frontend/node_modules/@oxlint/binding-win32-x64-msvc
250 silly reify mark deleted [ '/platform/frontend/node_modules/@oxlint/binding-win32-x64-msvc' ]
251 verbose reify failed optional dependency /platform/frontend/node_modules/@oxlint/binding-win32-ia32-msvc
252 silly reify mark deleted [ '/platform/frontend/node_modules/@oxlint/binding-win32-ia32-msvc' ]
253 verbose reify failed optional dependency /platform/frontend/node_modules/@oxlint/binding-win32-arm64-msvc
254 silly reify mark deleted [ '/platform/frontend/node_modules/@oxlint/binding-win32-arm64-msvc' ]
255 verbose reify failed optional dependency /platform/frontend/node_modules/@oxlint/binding-openharmony-arm64
256 silly reify mark deleted [ '/platform/frontend/node_modules/@oxlint/binding-openharmony-arm64' ]
257 verbose reify failed optional dependency /platform/frontend/node_modules/@oxlint/binding-linux-s390x-gnu
258 silly reify mark deleted [ '/platform/frontend/node_modules/@oxlint/binding-linux-s390x-gnu' ]
259 verbose reify failed optional dependency /platform/frontend/node_modules/@oxlint/binding-linux-riscv64-musl
260 silly reify mark deleted [
260 silly reify   '/platform/frontend/node_modules/@oxlint/binding-linux-riscv64-musl'
260 silly reify ]
261 verbose reify failed optional dependency /platform/frontend/node_modules/@oxlint/binding-linux-riscv64-gnu
262 silly reify mark deleted [ '/platform/frontend/node_modules/@oxlint/binding-linux-riscv64-gnu' ]
263 verbose reify failed optional dependency /platform/frontend/node_modules/@oxlint/binding-linux-ppc64-gnu
264 silly reify mark deleted [ '/platform/frontend/node_modules/@oxlint/binding-linux-ppc64-gnu' ]
265 verbose reify failed optional dependency /platform/frontend/node_modules/@oxlint/binding-linux-arm64-musl
266 silly reify mark deleted [ '/platform/frontend/node_modules/@oxlint/binding-linux-arm64-musl' ]
267 verbose reify failed optional dependency /platform/frontend/node_modules/@oxlint/binding-linux-arm64-gnu
268 silly reify mark deleted [ '/platform/frontend/node_modules/@oxlint/binding-linux-arm64-gnu' ]
269 verbose reify failed optional dependency /platform/frontend/node_modules/@oxlint/binding-linux-arm-musleabihf
270 silly reify mark deleted [
270 silly reify   '/platform/frontend/node_modules/@oxlint/binding-linux-arm-musleabihf'
270 silly reify ]
271 verbose reify failed optional dependency /platform/frontend/node_modules/@oxlint/binding-linux-arm-gnueabihf
272 silly reify mark deleted [
272 silly reify   '/platform/frontend/node_modules/@oxlint/binding-linux-arm-gnueabihf'
272 silly reify ]
273 verbose reify failed optional dependency /platform/frontend/node_modules/@oxlint/binding-freebsd-x64
274 silly reify mark deleted [ '/platform/frontend/node_modules/@oxlint/binding-freebsd-x64' ]
275 verbose reify failed optional dependency /platform/frontend/node_modules/@oxlint/binding-darwin-x64
276 silly reify mark deleted [ '/platform/frontend/node_modules/@oxlint/binding-darwin-x64' ]
277 verbose reify failed optional dependency /platform/frontend/node_modules/@oxlint/binding-darwin-arm64
278 silly reify mark deleted [ '/platform/frontend/node_modules/@oxlint/binding-darwin-arm64' ]
279 verbose reify failed optional dependency /platform/frontend/node_modules/@oxlint/binding-android-arm64
280 silly reify mark deleted [ '/platform/frontend/node_modules/@oxlint/binding-android-arm64' ]
281 verbose reify failed optional dependency /platform/frontend/node_modules/@oxlint/binding-android-arm-eabi
282 silly reify mark deleted [ '/platform/frontend/node_modules/@oxlint/binding-android-arm-eabi' ]
283 silly tarball no local data for react-router@https://registry.npmjs.org/react-router/-/react-router-6.30.4.tgz. Extracting by manifest.
284 silly tarball no local data for mime-db@https://registry.npmjs.org/mime-db/-/mime-db-1.52.0.tgz. Extracting by manifest.
285 silly tarball no local data for debug@https://registry.npmjs.org/debug/-/debug-4.4.3.tgz. Extracting by manifest.
286 silly tarball no local data for @remix-run/router@https://registry.npmjs.org/@remix-run/router/-/router-1.23.3.tgz. Extracting by manifest.
287 silly tarball no local data for agent-base@https://registry.npmjs.org/agent-base/-/agent-base-6.0.2.tgz. Extracting by manifest.
288 silly tarball no local data for dunder-proto@https://registry.npmjs.org/dunder-proto/-/dunder-proto-1.0.1.tgz. Extracting by manifest.
289 silly tarball no local data for has-symbols@https://registry.npmjs.org/has-symbols/-/has-symbols-1.1.0.tgz. Extracting by manifest.
290 silly tarball no local data for math-intrinsics@https://registry.npmjs.org/math-intrinsics/-/math-intrinsics-1.1.0.tgz. Extracting by manifest.
291 silly tarball no local data for gopd@https://registry.npmjs.org/gopd/-/gopd-1.2.0.tgz. Extracting by manifest.
292 silly tarball no local data for get-proto@https://registry.npmjs.org/get-proto/-/get-proto-1.0.1.tgz. Extracting by manifest.
293 silly tarball no local data for function-bind@https://registry.npmjs.org/function-bind/-/function-bind-1.1.2.tgz. Extracting by manifest.
294 silly tarball no local data for ms@https://registry.npmjs.org/ms/-/ms-2.1.3.tgz. Extracting by manifest.
295 silly tarball no local data for es-object-atoms@https://registry.npmjs.org/es-object-atoms/-/es-object-atoms-1.1.2.tgz. Extracting by manifest.
296 silly tarball no local data for es-define-property@https://registry.npmjs.org/es-define-property/-/es-define-property-1.0.1.tgz. Extracting by manifest.
297 silly tarball no local data for call-bind-apply-helpers@https://registry.npmjs.org/call-bind-apply-helpers/-/call-bind-apply-helpers-1.0.2.tgz. Extracting by manifest.
298 silly tarball no local data for has-tostringtag@https://registry.npmjs.org/has-tostringtag/-/has-tostringtag-1.0.2.tgz. Extracting by manifest.
299 silly tarball no local data for es-errors@https://registry.npmjs.org/es-errors/-/es-errors-1.3.0.tgz. Extracting by manifest.
300 silly tarball no local data for get-intrinsic@https://registry.npmjs.org/get-intrinsic/-/get-intrinsic-1.3.0.tgz. Extracting by manifest.
301 silly tarball no local data for mime-types@https://registry.npmjs.org/mime-types/-/mime-types-2.1.35.tgz. Extracting by manifest.
302 silly tarball no local data for delayed-stream@https://registry.npmjs.org/delayed-stream/-/delayed-stream-1.0.0.tgz. Extracting by manifest.
303 silly tarball no local data for hasown@https://registry.npmjs.org/hasown/-/hasown-2.0.4.tgz. Extracting by manifest.
304 silly tarball no local data for es-set-tostringtag@https://registry.npmjs.org/es-set-tostringtag/-/es-set-tostringtag-2.1.0.tgz. Extracting by manifest.
305 silly tarball no local data for asynckit@https://registry.npmjs.org/asynckit/-/asynckit-0.4.0.tgz. Extracting by manifest.
306 silly tarball no local data for proxy-from-env@https://registry.npmjs.org/proxy-from-env/-/proxy-from-env-2.1.0.tgz. Extracting by manifest.
307 silly tarball no local data for combined-stream@https://registry.npmjs.org/combined-stream/-/combined-stream-1.0.8.tgz. Extracting by manifest.
308 silly tarball no local data for https-proxy-agent@https://registry.npmjs.org/https-proxy-agent/-/https-proxy-agent-5.0.1.tgz. Extracting by manifest.
309 silly tarball no local data for form-data@https://registry.npmjs.org/form-data/-/form-data-4.0.6.tgz. Extracting by manifest.
310 silly tarball no local data for follow-redirects@https://registry.npmjs.org/follow-redirects/-/follow-redirects-1.16.0.tgz. Extracting by manifest.
311 silly tarball no local data for react-router-dom@https://registry.npmjs.org/react-router-dom/-/react-router-dom-6.30.4.tgz. Extracting by manifest.
312 silly tarball no local data for lucide-react@https://registry.npmjs.org/lucide-react/-/lucide-react-1.24.0.tgz. Extracting by manifest.
313 silly tarball no local data for axios@https://registry.npmjs.org/axios/-/axios-1.18.1.tgz. Extracting by manifest.
314 http fetch POST 200 https://registry.npmjs.org/-/npm/v1/security/advisories/bulk 384ms
315 silly audit report {}
316 http fetch GET 200 https://registry.npmjs.org/dunder-proto/-/dunder-proto-1.0.1.tgz 523ms (cache miss)
317 http fetch GET 200 https://registry.npmjs.org/has-tostringtag/-/has-tostringtag-1.0.2.tgz 540ms (cache miss)
318 http fetch GET 200 https://registry.npmjs.org/debug/-/debug-4.4.3.tgz 564ms (cache miss)
319 http fetch GET 200 https://registry.npmjs.org/es-errors/-/es-errors-1.3.0.tgz 556ms (cache miss)
320 http fetch GET 200 https://registry.npmjs.org/hasown/-/hasown-2.0.4.tgz 560ms (cache miss)
321 http fetch GET 200 https://registry.npmjs.org/delayed-stream/-/delayed-stream-1.0.0.tgz 562ms (cache miss)
322 http fetch GET 200 https://registry.npmjs.org/combined-stream/-/combined-stream-1.0.8.tgz 558ms (cache miss)
323 http fetch GET 200 https://registry.npmjs.org/mime-types/-/mime-types-2.1.35.tgz 569ms (cache miss)
324 http fetch GET 200 https://registry.npmjs.org/proxy-from-env/-/proxy-from-env-2.1.0.tgz 565ms (cache miss)
325 http fetch GET 200 https://registry.npmjs.org/get-intrinsic/-/get-intrinsic-1.3.0.tgz 577ms (cache miss)
326 http fetch GET 200 https://registry.npmjs.org/es-set-tostringtag/-/es-set-tostringtag-2.1.0.tgz 574ms (cache miss)
327 http fetch GET 200 https://registry.npmjs.org/follow-redirects/-/follow-redirects-1.16.0.tgz 569ms (cache miss)
328 http fetch GET 200 https://registry.npmjs.org/ms/-/ms-2.1.3.tgz 601ms (cache miss)
329 http fetch GET 200 https://registry.npmjs.org/es-define-property/-/es-define-property-1.0.1.tgz 604ms (cache miss)
330 http fetch GET 200 https://registry.npmjs.org/agent-base/-/agent-base-6.0.2.tgz 617ms (cache miss)
331 http fetch GET 200 https://registry.npmjs.org/gopd/-/gopd-1.2.0.tgz 618ms (cache miss)
332 http fetch GET 200 https://registry.npmjs.org/get-proto/-/get-proto-1.0.1.tgz 625ms (cache miss)
333 http fetch GET 200 https://registry.npmjs.org/call-bind-apply-helpers/-/call-bind-apply-helpers-1.0.2.tgz 620ms (cache miss)
334 http fetch GET 200 https://registry.npmjs.org/asynckit/-/asynckit-0.4.0.tgz 616ms (cache miss)
335 http fetch GET 200 https://registry.npmjs.org/form-data/-/form-data-4.0.6.tgz 618ms (cache miss)
336 http fetch GET 200 https://registry.npmjs.org/es-object-atoms/-/es-object-atoms-1.1.2.tgz 635ms (cache miss)
337 http fetch GET 200 https://registry.npmjs.org/function-bind/-/function-bind-1.1.2.tgz 654ms (cache miss)
338 http fetch GET 200 https://registry.npmjs.org/https-proxy-agent/-/https-proxy-agent-5.0.1.tgz 640ms (cache miss)
339 http fetch GET 200 https://registry.npmjs.org/mime-db/-/mime-db-1.52.0.tgz 672ms (cache miss)
340 http fetch GET 200 https://registry.npmjs.org/has-symbols/-/has-symbols-1.1.0.tgz 668ms (cache miss)
341 http fetch GET 200 https://registry.npmjs.org/math-intrinsics/-/math-intrinsics-1.1.0.tgz 698ms (cache miss)
342 http fetch GET 200 https://registry.npmjs.org/react-router-dom/-/react-router-dom-6.30.4.tgz 747ms (cache miss)
343 http fetch GET 200 https://registry.npmjs.org/react-router/-/react-router-6.30.4.tgz 784ms (cache miss)
344 http fetch GET 200 https://registry.npmjs.org/@remix-run/router/-/router-1.23.3.tgz 907ms (cache miss)
345 http fetch GET 200 https://registry.npmjs.org/axios/-/axios-1.18.1.tgz 898ms (cache miss)
346 http fetch GET 200 https://registry.npmjs.org/lucide-react/-/lucide-react-1.24.0.tgz 2768ms (cache miss)
347 silly ADD node_modules/react-router
348 silly ADD node_modules/@remix-run/router
349 silly ADD node_modules/mime-db
350 silly ADD node_modules/ms
351 silly ADD node_modules/debug
352 silly ADD node_modules/agent-base
353 silly ADD node_modules/dunder-proto
354 silly ADD node_modules/math-intrinsics
355 silly ADD node_modules/has-symbols
356 silly ADD node_modules/gopd
357 silly ADD node_modules/get-proto
358 silly ADD node_modules/function-bind
359 silly ADD node_modules/es-object-atoms
360 silly ADD node_modules/es-define-property
361 silly ADD node_modules/call-bind-apply-helpers
362 silly ADD node_modules/has-tostringtag
363 silly ADD node_modules/get-intrinsic
364 silly ADD node_modules/es-errors
365 silly ADD node_modules/delayed-stream
366 silly ADD node_modules/mime-types
367 silly ADD node_modules/hasown
368 silly ADD node_modules/es-set-tostringtag
369 silly ADD node_modules/combined-stream
370 silly ADD node_modules/asynckit
371 silly ADD node_modules/proxy-from-env
372 silly ADD node_modules/https-proxy-agent
373 silly ADD node_modules/form-data
374 silly ADD node_modules/follow-redirects
375 silly ADD node_modules/react-router-dom
376 silly ADD node_modules/lucide-react
377 silly ADD node_modules/axios
378 silly ADD
379 silly ADD
380 silly ADD
381 silly ADD
382 silly ADD
383 silly ADD
384 silly ADD
385 silly ADD
386 silly ADD
387 silly ADD
388 silly ADD
389 silly ADD
390 silly ADD
391 silly ADD
392 silly ADD
393 silly ADD
394 silly ADD
395 silly ADD
396 silly ADD
397 silly ADD
398 silly ADD
399 silly ADD
400 silly ADD
401 silly ADD
402 silly ADD
403 silly ADD
404 silly ADD
405 silly ADD
406 silly ADD
407 silly ADD
408 silly ADD
409 silly ADD
410 silly ADD
411 silly ADD
412 silly ADD
413 silly ADD
414 silly ADD
415 silly ADD
416 silly ADD
417 silly ADD
418 silly ADD
419 silly ADD
420 silly ADD
421 silly ADD
422 silly ADD
423 silly ADD
424 verbose cwd /platform/frontend
425 verbose os Linux 6.12.68+
426 verbose node v20.20.2
427 verbose npm  v10.8.2
428 verbose exit 0
429 info ok
